max wall time = 8640000
/zhome/d7/7/125153/paramILSConfig/giant3/params.txt
5 parameters in total
0 parameters are conditional.
0 parameter combinations are forbidden.
num_params = 5, num_combos=1125
seed: 1234
Run 1
Level 
========================================================
Starting ILS for level 1, i.e. a limit of N=2000, and cutoff time=1200.0.
Current CPU time = 0, this run goes until 92000.0 
========================================================
New Incumbent: 0, 100000000 [0, 0]. With state alpha=0.999999, k=5, prmv=0.1, tstart=10000, w=5
getAlgoResultsForInstsAndParams.
  Trial 1 for calling: ruby SA_wrapper.rb testcases/synthetic4/giant3.flex_network_description "" 1200.0 2147483647 822569775 -alpha 0.999999 -k 5 -prmv 0.1 -tstart 10000 -w 5 > /tmp/tmp-2021-07-2900:19:14-0.3358626365661621
Executing cmd: ruby SA_wrapper.rb testcases/synthetic4/giant3.flex_network_description "" 1200.0 2147483647 822569775 -alpha 0.999999 -k 5 -prmv 0.1 -tstart 10000 -w 5 > /tmp/tmp-2021-07-2900:19:14-0.3358626365661621
Result: SAT, -1, -1, 1093044, 822569775
 Same incumbent, new precision:
New Incumbent: 0.1, 1.0 [1, 1200.0]. With state alpha=0.999999, k=5, prmv=0.1, tstart=10000, w=5
now 2021-07-29 00:43:07 +0200; start 2021-07-29 00:19:14 +0200; time-start 1433.281014847; maxWall 8640000.0
getAlgoResultsForInstsAndParams.
  Trial 1 for calling: ruby SA_wrapper.rb testcases/synthetic4/giant3.flex_network_description "" 1200.0 2147483647 822569775 -alpha 0.9 -k 30 -prmv 0.9 -tstart 10000 -w 10 > /tmp/tmp-2021-07-2900:43:07-0.5248674154281616
Executing cmd: ruby SA_wrapper.rb testcases/synthetic4/giant3.flex_network_description "" 1200.0 2147483647 822569775 -alpha 0.9 -k 30 -prmv 0.9 -tstart 10000 -w 10 > /tmp/tmp-2021-07-2900:43:07-0.5248674154281616
Result: SAT, -1, -1, 608925, 822569775
          -> Take improving step to random alpha=0.9 k=30 prmv=0.9 tstart=10000 w=10 (1.0 [based on 1 runs with cutoff 1200.0])

now 2021-07-29 01:07:43 +0200; start 2021-07-29 00:19:14 +0200; time-start 2908.885924249; maxWall 8640000.0
getAlgoResultsForInstsAndParams.
  Trial 1 for calling: ruby SA_wrapper.rb testcases/synthetic4/giant3.flex_network_description "" 1200.0 2147483647 822569775 -alpha 0.9999 -k 10 -prmv 0.5 -tstart 1 -w 1000 > /tmp/tmp-2021-07-2901:07:43-0.630767822265625
Executing cmd: ruby SA_wrapper.rb testcases/synthetic4/giant3.flex_network_description "" 1200.0 2147483647 822569775 -alpha 0.9999 -k 10 -prmv 0.5 -tstart 1 -w 1000 > /tmp/tmp-2021-07-2901:07:43-0.630767822265625
Result: SAT, -1, -1, 706214, 822569775
          -> Take improving step to random alpha=0.9999 k=10 prmv=0.5 tstart=1 w=1000 (1.0 [based on 1 runs with cutoff 1200.0])

now 2021-07-29 01:31:07 +0200; start 2021-07-29 00:19:14 +0200; time-start 4312.954565134; maxWall 8640000.0
getAlgoResultsForInstsAndParams.
  Trial 1 for calling: ruby SA_wrapper.rb testcases/synthetic4/giant3.flex_network_description "" 1200.0 2147483647 822569775 -alpha 0.8 -k 30 -prmv 0.5 -tstart 1 -w 1000 > /tmp/tmp-2021-07-2901:31:07-0.7931699752807617
Executing cmd: ruby SA_wrapper.rb testcases/synthetic4/giant3.flex_network_description "" 1200.0 2147483647 822569775 -alpha 0.8 -k 30 -prmv 0.5 -tstart 1 -w 1000 > /tmp/tmp-2021-07-2901:31:07-0.7931699752807617
Result: SAT, -1, -1, 572330, 822569775
          -> Take improving step to random alpha=0.8 k=30 prmv=0.5 tstart=1 w=1000 (1.0 [based on 1 runs with cutoff 1200.0])

now 2021-07-29 01:57:04 +0200; start 2021-07-29 00:19:14 +0200; time-start 5870.034842999; maxWall 8640000.0
getAlgoResultsForInstsAndParams.
  Trial 1 for calling: ruby SA_wrapper.rb testcases/synthetic4/giant3.flex_network_description "" 1200.0 2147483647 822569775 -alpha 0.999999 -k 5 -prmv 0.9 -tstart 10 -w 5 > /tmp/tmp-2021-07-2901:57:04-0.047659873962402344
Executing cmd: ruby SA_wrapper.rb testcases/synthetic4/giant3.flex_network_description "" 1200.0 2147483647 822569775 -alpha 0.999999 -k 5 -prmv 0.9 -tstart 10 -w 5 > /tmp/tmp-2021-07-2901:57:04-0.047659873962402344
Result: SAT, -1, -1, 1147248, 822569775
          -> Take improving step to random alpha=0.999999 k=5 prmv=0.9 tstart=10 w=5 (1.0 [based on 1 runs with cutoff 1200.0])

now 2021-07-29 02:20:43 +0200; start 2021-07-29 00:19:14 +0200; time-start 7289.040900847; maxWall 8640000.0
getAlgoResultsForInstsAndParams.
  Trial 1 for calling: ruby SA_wrapper.rb testcases/synthetic4/giant3.flex_network_description "" 1200.0 2147483647 822569775 -alpha 0.9999 -k 15 -prmv 0.1 -tstart 10000 -w 10 > /tmp/tmp-2021-07-2902:20:43-0.7087018489837646
Executing cmd: ruby SA_wrapper.rb testcases/synthetic4/giant3.flex_network_description "" 1200.0 2147483647 822569775 -alpha 0.9999 -k 15 -prmv 0.1 -tstart 10000 -w 10 > /tmp/tmp-2021-07-2902:20:43-0.7087018489837646
Result: SAT, -1, -1, 719492, 822569775
          -> Take improving step to random alpha=0.9999 k=15 prmv=0.1 tstart=10000 w=10 (1.0 [based on 1 runs with cutoff 1200.0])

now 2021-07-29 02:45:49 +0200; start 2021-07-29 00:19:14 +0200; time-start 8794.745382421; maxWall 8640000.0
getAlgoResultsForInstsAndParams.
  Trial 1 for calling: ruby SA_wrapper.rb testcases/synthetic4/giant3.flex_network_description "" 1200.0 2147483647 822569775 -alpha 0.99 -k 15 -prmv 0.7 -tstart 10000 -w 10 > /tmp/tmp-2021-07-2902:45:49-0.0661931037902832
Executing cmd: ruby SA_wrapper.rb testcases/synthetic4/giant3.flex_network_description "" 1200.0 2147483647 822569775 -alpha 0.99 -k 15 -prmv 0.7 -tstart 10000 -w 10 > /tmp/tmp-2021-07-2902:45:49-0.0661931037902832
Result: SAT, -1, -1, 574000, 822569775
          -> Take improving step to random alpha=0.99 k=15 prmv=0.7 tstart=10000 w=10 (1.0 [based on 1 runs with cutoff 1200.0])

now 2021-07-29 03:12:55 +0200; start 2021-07-29 00:19:14 +0200; time-start 10421.298640915; maxWall 8640000.0
getAlgoResultsForInstsAndParams.
  Trial 1 for calling: ruby SA_wrapper.rb testcases/synthetic4/giant3.flex_network_description "" 1200.0 2147483647 822569775 -alpha 0.9 -k 5 -prmv 0.7 -tstart 1 -w 5 > /tmp/tmp-2021-07-2903:12:55-0.6961911916732788
Executing cmd: ruby SA_wrapper.rb testcases/synthetic4/giant3.flex_network_description "" 1200.0 2147483647 822569775 -alpha 0.9 -k 5 -prmv 0.7 -tstart 1 -w 5 > /tmp/tmp-2021-07-2903:12:55-0.6961911916732788
Result: SAT, -1, -1, 1152422, 822569775
          -> Take improving step to random alpha=0.9 k=5 prmv=0.7 tstart=1 w=5 (1.0 [based on 1 runs with cutoff 1200.0])

now 2021-07-29 03:36:18 +0200; start 2021-07-29 00:19:14 +0200; time-start 11823.941374902; maxWall 8640000.0
getAlgoResultsForInstsAndParams.
  Trial 1 for calling: ruby SA_wrapper.rb testcases/synthetic4/giant3.flex_network_description "" 1200.0 2147483647 822569775 -alpha 0.9999 -k 20 -prmv 0.7 -tstart 1 -w 10 > /tmp/tmp-2021-07-2903:36:18-0.3672173023223877
Executing cmd: ruby SA_wrapper.rb testcases/synthetic4/giant3.flex_network_description "" 1200.0 2147483647 822569775 -alpha 0.9999 -k 20 -prmv 0.7 -tstart 1 -w 10 > /tmp/tmp-2021-07-2903:36:18-0.3672173023223877
Result: SAT, -1, -1, 574983, 822569775
          -> Take improving step to random alpha=0.9999 k=20 prmv=0.7 tstart=1 w=10 (1.0 [based on 1 runs with cutoff 1200.0])

now 2021-07-29 04:02:53 +0200; start 2021-07-29 00:19:14 +0200; time-start 13419.248769551; maxWall 8640000.0
getAlgoResultsForInstsAndParams.
  Trial 1 for calling: ruby SA_wrapper.rb testcases/synthetic4/giant3.flex_network_description "" 1200.0 2147483647 822569775 -alpha 0.9 -k 30 -prmv 0.5 -tstart 1 -w 5 > /tmp/tmp-2021-07-2904:02:53-0.6676943302154541
Executing cmd: ruby SA_wrapper.rb testcases/synthetic4/giant3.flex_network_description "" 1200.0 2147483647 822569775 -alpha 0.9 -k 30 -prmv 0.5 -tstart 1 -w 5 > /tmp/tmp-2021-07-2904:02:53-0.6676943302154541
Result: SAT, -1, -1, 1166703, 822569775
          -> Take improving step to random alpha=0.9 k=30 prmv=0.5 tstart=1 w=5 (1.0 [based on 1 runs with cutoff 1200.0])

now 2021-07-29 04:28:20 +0200; start 2021-07-29 00:19:14 +0200; time-start 14945.964311722; maxWall 8640000.0
getAlgoResultsForInstsAndParams.
  Trial 1 for calling: ruby SA_wrapper.rb testcases/synthetic4/giant3.flex_network_description "" 1200.0 2147483647 822569775 -alpha 0.9999 -k 30 -prmv 0.1 -tstart 10000 -w 10 > /tmp/tmp-2021-07-2904:28:20-0.5892529487609863
Executing cmd: ruby SA_wrapper.rb testcases/synthetic4/giant3.flex_network_description "" 1200.0 2147483647 822569775 -alpha 0.9999 -k 30 -prmv 0.1 -tstart 10000 -w 10 > /tmp/tmp-2021-07-2904:28:20-0.5892529487609863
Result: SAT, -1, -1, 571871, 822569775
          -> Take improving step to random alpha=0.9999 k=30 prmv=0.1 tstart=10000 w=10 (1.0 [based on 1 runs with cutoff 1200.0])

   BLS in iteration 1, start with alpha=0.9999 k=30 prmv=0.1 tstart=10000 w=10 (1.0 [based on 1 runs with cutoff 1200.0])
now 2021-07-29 04:53:09 +0200; start 2021-07-29 00:19:14 +0200; time-start 16435.223395447; maxWall 8640000.0
now 2021-07-29 04:53:09 +0200; start 2021-07-29 00:19:14 +0200; time-start 16435.223508986; maxWall 8640000.0
    Changing ["tstart: 10000->1"], evaluating ...
getAlgoResultsForInstsAndParams.
  Trial 1 for calling: ruby SA_wrapper.rb testcases/synthetic4/giant3.flex_network_description "" 1200.0 2147483647 822569775 -alpha 0.9999 -k 30 -prmv 0.1 -tstart 1 -w 10 > /tmp/tmp-2021-07-2904:53:09-0.6237945556640625
Executing cmd: ruby SA_wrapper.rb testcases/synthetic4/giant3.flex_network_description "" 1200.0 2147483647 822569775 -alpha 0.9999 -k 30 -prmv 0.1 -tstart 1 -w 10 > /tmp/tmp-2021-07-2904:53:09-0.6237945556640625
Result: SAT, -1, -1, 566705, 822569775
          -> Take improving step to neighbour alpha=0.9999 k=30 prmv=0.1 tstart=1 w=10 (1.0 [based on 1 runs with cutoff 1200.0]) with flip 1

          
============= Performing 1 bonus runs of state: alpha=0.9999 k=30 prmv=0.1 tstart=1 w=10 (1.0 [based on 1 runs with cutoff 1200.0]) ============ 

now 2021-07-29 05:19:19 +0200; start 2021-07-29 00:19:14 +0200; time-start 18005.438838634; maxWall 8640000.0
State wants more detail (1+1) than incumbent (1), doing incumbent first:
alpha=0.9999 k=30 prmv=0.1 tstart=1 w=10 (1.0 [based on 1 runs with cutoff 1200.0])
alpha=0.999999 k=5 prmv=0.1 tstart=10000 w=5 (1.0 [based on 1 runs with cutoff 1200.0])
getAlgoResultsForInstsAndParams.
  Trial 1 for calling: ruby SA_wrapper.rb testcases/synthetic4/giant3.flex_network_description "" 1200.0 2147483647 2137449171 -alpha 0.999999 -k 5 -prmv 0.1 -tstart 10000 -w 5 > /tmp/tmp-2021-07-2905:19:19-0.22063910961151123
Executing cmd: ruby SA_wrapper.rb testcases/synthetic4/giant3.flex_network_description "" 1200.0 2147483647 2137449171 -alpha 0.999999 -k 5 -prmv 0.1 -tstart 10000 -w 5 > /tmp/tmp-2021-07-2905:19:19-0.22063910961151123
Result: SAT, -1, -1, 1082151, 2137449171
 Same incumbent, new precision:
New Incumbent: 1.3, 1.0 [2, 1200.0]. With state alpha=0.999999, k=5, prmv=0.1, tstart=10000, w=5
getAlgoResultsForInstsAndParams.
  Trial 1 for calling: ruby SA_wrapper.rb testcases/synthetic4/giant3.flex_network_description "" 1200.0 2147483647 2137449171 -alpha 0.9999 -k 30 -prmv 0.1 -tstart 1 -w 10 > /tmp/tmp-2021-07-2905:45:06-0.8342311382293701
Executing cmd: ruby SA_wrapper.rb testcases/synthetic4/giant3.flex_network_description "" 1200.0 2147483647 2137449171 -alpha 0.9999 -k 30 -prmv 0.1 -tstart 1 -w 10 > /tmp/tmp-2021-07-2905:45:06-0.8342311382293701
Result: SAT, -1, -1, 565472, 2137449171
          -> After 1 bonus runs: alpha=0.9999 k=30 prmv=0.1 tstart=1 w=10 (1.0 [based on 2 runs with cutoff 1200.0])

now 2021-07-29 06:10:42 +0200; start 2021-07-29 00:19:14 +0200; time-start 21087.755237587; maxWall 8640000.0
now 2021-07-29 06:10:42 +0200; start 2021-07-29 00:19:14 +0200; time-start 21087.75533574; maxWall 8640000.0
    Changing ["alpha: 0.9999->0.99"], evaluating ...
getAlgoResultsForInstsAndParams.
  Trial 1 for calling: ruby SA_wrapper.rb testcases/synthetic4/giant3.flex_network_description "" 1200.0 2147483647 822569775 -alpha 0.99 -k 30 -prmv 0.1 -tstart 1 -w 10 > /tmp/tmp-2021-07-2906:10:42-0.18969488143920898
Executing cmd: ruby SA_wrapper.rb testcases/synthetic4/giant3.flex_network_description "" 1200.0 2147483647 822569775 -alpha 0.99 -k 30 -prmv 0.1 -tstart 1 -w 10 > /tmp/tmp-2021-07-2906:10:42-0.18969488143920898
Caught exception when executing target algorithm: No result in result file of ruby SA_wrapper.rb testcases/synthetic4/giant3.flex_network_description "" 1200.0 2147483647 822569775 -alpha 0.99 -k 30 -prmv 0.1 -tstart 1 -w 10 > /tmp/tmp-2021-07-2906:10:42-0.18969488143920898:
/tmp/tmp-2021-07-2906:10:42-0.18969488143920898. Counting the target algorithm run as CRASHED with runtime 1200.01 and solution quality 1e100.
15/18, 1201.4/92000.0
now 2021-07-29 06:19:08 +0200; start 2021-07-29 00:19:14 +0200; time-start 21593.938777664; maxWall 8640000.0
getAlgoResultsForInstsAndParams.
  Trial 1 for calling: ruby SA_wrapper.rb testcases/synthetic4/giant3.flex_network_description "" 1200.0 2147483647 2137449171 -alpha 0.99 -k 30 -prmv 0.1 -tstart 1 -w 10 > /tmp/tmp-2021-07-2906:19:08-0.571012020111084
Executing cmd: ruby SA_wrapper.rb testcases/synthetic4/giant3.flex_network_description "" 1200.0 2147483647 2137449171 -alpha 0.99 -k 30 -prmv 0.1 -tstart 1 -w 10 > /tmp/tmp-2021-07-2906:19:08-0.571012020111084

------------------------------------------------------------
Sender: LSF System <lsfadmin@hpc.dtu.dk>
Subject: Job 10075923: <nikre_tuning_giant3> in cluster <dcc> Exited

Job <nikre_tuning_giant3> was submitted from host <hpclogin1> by user <nikre> in cluster <dcc> at Thu Jul 29 00:19:13 2021
Job was executed on host(s) <n-62-21-32>, in queue <compute>, as user <nikre> in cluster <dcc> at Thu Jul 29 00:19:13 2021
</zhome/d7/7/125153> was used as the home directory.
</zhome/d7/7/125153/paramILSConfig/giant3> was used as the working directory.
Started at Thu Jul 29 00:19:13 2021
Terminated at Thu Jul 29 06:29:30 2021
Results reported at Thu Jul 29 06:29:30 2021

Your job looked like:

------------------------------------------------------------
# LSBATCH: User input
#!/bin/sh
### General options
### -- specify queue --
#BSUB -q compute
### -- set the job Name --
#BSUB -J nikre_tuning_giant3
### -- ask for number of cores (default: 1) --
#BSUB -n 1
### -- specify that the cores must be on the same host --
#BSUB -R "span[hosts=1]"
### -- specify that we need 2GB of memory per core/slot --
#BSUB -R "rusage[mem=16GB] select[avx2]"
### -- specify that we want the job to get killed if it exceeds 3 GB per core/slot --
#BSUB -M 32GB
### -- set walltime limit: hh:mm --
#BSUB -W 6:00
### -- set the email address --
# please uncomment the following line and put in your e-mail address,
# if you want to receive e-mail notifications on a non-default address
##BSUB -u your_email_address
### -- send notification at start --
###BSUB -B
### -- send notification at completion --
###BSUB -N
### -- Specify the output and error file. %J is the job-id --
### -- -o and -e mean append, -oo and -eo mean overwrite --
#BSUB -oo out_tune%J.out
#BSUB -eo out_tune%J.err

module load python3/3.9.5
bash tune.sh placeholder_argument

------------------------------------------------------------

TERM_RUNLIMIT: job killed after reaching LSF run time limit.
Exited with exit code 140.

Resource usage summary:

    CPU time :                                   22185.00 sec.
    Max Memory :                                 257 MB
    Average Memory :                             234.57 MB
    Total Requested Memory :                     16384.00 MB
    Delta Memory :                               16127.00 MB
    Max Swap :                                   -
    Max Processes :                              9
    Max Threads :                                13
    Run time :                                   22249 sec.
    Turnaround time :                            22217 sec.

The output (if any) is above this job summary.



PS:

Read file <out_tune10075923.err> for stderr output of this job.

