max wall time = 8640000
/zhome/d7/7/125153/paramILSConfig/large1/params.txt
5 parameters in total
0 parameters are conditional.
0 parameter combinations are forbidden.
num_params = 5, num_combos=1125
seed: 1234
Run 1
Level 
========================================================
Starting ILS for level 1, i.e. a limit of N=2000, and cutoff time=600.0.
Current CPU time = 0, this run goes until 92000.0 
========================================================
New Incumbent: 0, 100000000 [0, 0]. With state alpha=0.999999, k=5, prmv=0.1, tstart=10000, w=5
getAlgoResultsForInstsAndParams.
  Trial 1 for calling: ruby SA_wrapper.rb testcases/synthetic4/large1.flex_network_description "" 600.0 2147483647 822569775 -alpha 0.999999 -k 5 -prmv 0.1 -tstart 10000 -w 5 > /tmp/tmp-2021-07-2815:41:42-0.7485733032226562
Executing cmd: ruby SA_wrapper.rb testcases/synthetic4/large1.flex_network_description "" 600.0 2147483647 822569775 -alpha 0.999999 -k 5 -prmv 0.1 -tstart 10000 -w 5 > /tmp/tmp-2021-07-2815:41:42-0.7485733032226562
Result: SAT, -1, -1, 44708, 822569775
 Same incumbent, new precision:
New Incumbent: 0.1, 1.0 [1, 600.0]. With state alpha=0.999999, k=5, prmv=0.1, tstart=10000, w=5
now 2021-07-28 15:51:28 +0200; start 2021-07-28 15:41:42 +0200; time-start 586.041227213; maxWall 8640000.0
getAlgoResultsForInstsAndParams.
  Trial 1 for calling: ruby SA_wrapper.rb testcases/synthetic4/large1.flex_network_description "" 600.0 2147483647 822569775 -alpha 0.9 -k 30 -prmv 0.9 -tstart 10000 -w 10 > /tmp/tmp-2021-07-2815:51:28-0.6367130279541016
Executing cmd: ruby SA_wrapper.rb testcases/synthetic4/large1.flex_network_description "" 600.0 2147483647 822569775 -alpha 0.9 -k 30 -prmv 0.9 -tstart 10000 -w 10 > /tmp/tmp-2021-07-2815:51:28-0.6367130279541016
Result: SAT, -1, -1, 44774, 822569775
          -> Take improving step to random alpha=0.9 k=30 prmv=0.9 tstart=10000 w=10 (1.0 [based on 1 runs with cutoff 600.0])

now 2021-07-28 16:01:12 +0200; start 2021-07-28 15:41:42 +0200; time-start 1170.394123348; maxWall 8640000.0
getAlgoResultsForInstsAndParams.
  Trial 1 for calling: ruby SA_wrapper.rb testcases/synthetic4/large1.flex_network_description "" 600.0 2147483647 822569775 -alpha 0.9999 -k 10 -prmv 0.5 -tstart 1 -w 1000 > /tmp/tmp-2021-07-2816:01:12-0.96327805519104
Executing cmd: ruby SA_wrapper.rb testcases/synthetic4/large1.flex_network_description "" 600.0 2147483647 822569775 -alpha 0.9999 -k 10 -prmv 0.5 -tstart 1 -w 1000 > /tmp/tmp-2021-07-2816:01:12-0.96327805519104
Result: SAT, -1, -1, 44576, 822569775
          -> Take improving step to random alpha=0.9999 k=10 prmv=0.5 tstart=1 w=1000 (1.0 [based on 1 runs with cutoff 600.0])

now 2021-07-28 16:10:55 +0200; start 2021-07-28 15:41:42 +0200; time-start 1753.38800725; maxWall 8640000.0
getAlgoResultsForInstsAndParams.
  Trial 1 for calling: ruby SA_wrapper.rb testcases/synthetic4/large1.flex_network_description "" 600.0 2147483647 822569775 -alpha 0.8 -k 30 -prmv 0.5 -tstart 1 -w 1000 > /tmp/tmp-2021-07-2816:10:55-0.37693071365356445
Executing cmd: ruby SA_wrapper.rb testcases/synthetic4/large1.flex_network_description "" 600.0 2147483647 822569775 -alpha 0.8 -k 30 -prmv 0.5 -tstart 1 -w 1000 > /tmp/tmp-2021-07-2816:10:55-0.37693071365356445
Result: SAT, -1, -1, 44576, 822569775
          -> Take improving step to random alpha=0.8 k=30 prmv=0.5 tstart=1 w=1000 (1.0 [based on 1 runs with cutoff 600.0])

now 2021-07-28 16:20:40 +0200; start 2021-07-28 15:41:42 +0200; time-start 2337.903646433; maxWall 8640000.0
getAlgoResultsForInstsAndParams.
  Trial 1 for calling: ruby SA_wrapper.rb testcases/synthetic4/large1.flex_network_description "" 600.0 2147483647 822569775 -alpha 0.999999 -k 5 -prmv 0.9 -tstart 10 -w 5 > /tmp/tmp-2021-07-2816:20:40-0.9428439140319824
Executing cmd: ruby SA_wrapper.rb testcases/synthetic4/large1.flex_network_description "" 600.0 2147483647 822569775 -alpha 0.999999 -k 5 -prmv 0.9 -tstart 10 -w 5 > /tmp/tmp-2021-07-2816:20:40-0.9428439140319824
Result: SAT, -1, -1, 45128, 822569775
          -> Take improving step to random alpha=0.999999 k=5 prmv=0.9 tstart=10 w=5 (1.0 [based on 1 runs with cutoff 600.0])

now 2021-07-28 16:30:23 +0200; start 2021-07-28 15:41:42 +0200; time-start 2921.272179103; maxWall 8640000.0
getAlgoResultsForInstsAndParams.
  Trial 1 for calling: ruby SA_wrapper.rb testcases/synthetic4/large1.flex_network_description "" 600.0 2147483647 822569775 -alpha 0.9999 -k 15 -prmv 0.1 -tstart 10000 -w 10 > /tmp/tmp-2021-07-2816:30:23-0.25342559814453125
Executing cmd: ruby SA_wrapper.rb testcases/synthetic4/large1.flex_network_description "" 600.0 2147483647 822569775 -alpha 0.9999 -k 15 -prmv 0.1 -tstart 10000 -w 10 > /tmp/tmp-2021-07-2816:30:23-0.25342559814453125
Result: SAT, -1, -1, 44709, 822569775
          -> Take improving step to random alpha=0.9999 k=15 prmv=0.1 tstart=10000 w=10 (1.0 [based on 1 runs with cutoff 600.0])

now 2021-07-28 16:40:07 +0200; start 2021-07-28 15:41:42 +0200; time-start 3504.991354714; maxWall 8640000.0
getAlgoResultsForInstsAndParams.
  Trial 1 for calling: ruby SA_wrapper.rb testcases/synthetic4/large1.flex_network_description "" 600.0 2147483647 822569775 -alpha 0.99 -k 15 -prmv 0.7 -tstart 10000 -w 10 > /tmp/tmp-2021-07-2816:40:07-0.44527769088745117
Executing cmd: ruby SA_wrapper.rb testcases/synthetic4/large1.flex_network_description "" 600.0 2147483647 822569775 -alpha 0.99 -k 15 -prmv 0.7 -tstart 10000 -w 10 > /tmp/tmp-2021-07-2816:40:07-0.44527769088745117
Result: SAT, -1, -1, 44695, 822569775
          -> Take improving step to random alpha=0.99 k=15 prmv=0.7 tstart=10000 w=10 (1.0 [based on 1 runs with cutoff 600.0])

now 2021-07-28 16:49:50 +0200; start 2021-07-28 15:41:42 +0200; time-start 4088.00762236; maxWall 8640000.0
getAlgoResultsForInstsAndParams.
  Trial 1 for calling: ruby SA_wrapper.rb testcases/synthetic4/large1.flex_network_description "" 600.0 2147483647 822569775 -alpha 0.9 -k 5 -prmv 0.7 -tstart 1 -w 5 > /tmp/tmp-2021-07-2816:49:50-0.7286257743835449
Executing cmd: ruby SA_wrapper.rb testcases/synthetic4/large1.flex_network_description "" 600.0 2147483647 822569775 -alpha 0.9 -k 5 -prmv 0.7 -tstart 1 -w 5 > /tmp/tmp-2021-07-2816:49:50-0.7286257743835449
Result: SAT, -1, -1, 44696, 822569775
          -> Take improving step to random alpha=0.9 k=5 prmv=0.7 tstart=1 w=5 (1.0 [based on 1 runs with cutoff 600.0])

now 2021-07-28 16:59:33 +0200; start 2021-07-28 15:41:42 +0200; time-start 4671.314005556; maxWall 8640000.0
getAlgoResultsForInstsAndParams.
  Trial 1 for calling: ruby SA_wrapper.rb testcases/synthetic4/large1.flex_network_description "" 600.0 2147483647 822569775 -alpha 0.9999 -k 20 -prmv 0.7 -tstart 1 -w 10 > /tmp/tmp-2021-07-2816:59:33-0.3597588539123535
Executing cmd: ruby SA_wrapper.rb testcases/synthetic4/large1.flex_network_description "" 600.0 2147483647 822569775 -alpha 0.9999 -k 20 -prmv 0.7 -tstart 1 -w 10 > /tmp/tmp-2021-07-2816:59:33-0.3597588539123535
Result: SAT, -1, -1, 44064, 822569775
          -> Take improving step to random alpha=0.9999 k=20 prmv=0.7 tstart=1 w=10 (1.0 [based on 1 runs with cutoff 600.0])

now 2021-07-28 17:09:17 +0200; start 2021-07-28 15:41:42 +0200; time-start 5255.321440896; maxWall 8640000.0
getAlgoResultsForInstsAndParams.
  Trial 1 for calling: ruby SA_wrapper.rb testcases/synthetic4/large1.flex_network_description "" 600.0 2147483647 822569775 -alpha 0.9 -k 30 -prmv 0.5 -tstart 1 -w 5 > /tmp/tmp-2021-07-2817:09:17-0.589287519454956
Executing cmd: ruby SA_wrapper.rb testcases/synthetic4/large1.flex_network_description "" 600.0 2147483647 822569775 -alpha 0.9 -k 30 -prmv 0.5 -tstart 1 -w 5 > /tmp/tmp-2021-07-2817:09:17-0.589287519454956
Result: SAT, -1, -1, 43980, 822569775
          -> Take improving step to random alpha=0.9 k=30 prmv=0.5 tstart=1 w=5 (1.0 [based on 1 runs with cutoff 600.0])

now 2021-07-28 17:19:01 +0200; start 2021-07-28 15:41:42 +0200; time-start 5839.166539715; maxWall 8640000.0
getAlgoResultsForInstsAndParams.
  Trial 1 for calling: ruby SA_wrapper.rb testcases/synthetic4/large1.flex_network_description "" 600.0 2147483647 822569775 -alpha 0.9999 -k 30 -prmv 0.1 -tstart 10000 -w 10 > /tmp/tmp-2021-07-2817:19:01-0.8359465599060059
Executing cmd: ruby SA_wrapper.rb testcases/synthetic4/large1.flex_network_description "" 600.0 2147483647 822569775 -alpha 0.9999 -k 30 -prmv 0.1 -tstart 10000 -w 10 > /tmp/tmp-2021-07-2817:19:01-0.8359465599060059
Result: SAT, -1, -1, 44592, 822569775
          -> Take improving step to random alpha=0.9999 k=30 prmv=0.1 tstart=10000 w=10 (1.0 [based on 1 runs with cutoff 600.0])

   BLS in iteration 1, start with alpha=0.9999 k=30 prmv=0.1 tstart=10000 w=10 (1.0 [based on 1 runs with cutoff 600.0])
now 2021-07-28 17:28:46 +0200; start 2021-07-28 15:41:42 +0200; time-start 6423.693495548; maxWall 8640000.0
now 2021-07-28 17:28:46 +0200; start 2021-07-28 15:41:42 +0200; time-start 6423.693615693; maxWall 8640000.0
    Changing ["tstart: 10000->1"], evaluating ...
getAlgoResultsForInstsAndParams.
  Trial 1 for calling: ruby SA_wrapper.rb testcases/synthetic4/large1.flex_network_description "" 600.0 2147483647 822569775 -alpha 0.9999 -k 30 -prmv 0.1 -tstart 1 -w 10 > /tmp/tmp-2021-07-2817:28:46-0.18408966064453125
Executing cmd: ruby SA_wrapper.rb testcases/synthetic4/large1.flex_network_description "" 600.0 2147483647 822569775 -alpha 0.9999 -k 30 -prmv 0.1 -tstart 1 -w 10 > /tmp/tmp-2021-07-2817:28:46-0.18408966064453125
Result: SAT, -1, -1, 44701, 822569775
          -> Take improving step to neighbour alpha=0.9999 k=30 prmv=0.1 tstart=1 w=10 (1.0 [based on 1 runs with cutoff 600.0]) with flip 1

          
============= Performing 1 bonus runs of state: alpha=0.9999 k=30 prmv=0.1 tstart=1 w=10 (1.0 [based on 1 runs with cutoff 600.0]) ============ 

now 2021-07-28 17:38:29 +0200; start 2021-07-28 15:41:42 +0200; time-start 7007.632837395; maxWall 8640000.0
State wants more detail (1+1) than incumbent (1), doing incumbent first:
alpha=0.9999 k=30 prmv=0.1 tstart=1 w=10 (1.0 [based on 1 runs with cutoff 600.0])
alpha=0.999999 k=5 prmv=0.1 tstart=10000 w=5 (1.0 [based on 1 runs with cutoff 600.0])
getAlgoResultsForInstsAndParams.
  Trial 1 for calling: ruby SA_wrapper.rb testcases/synthetic4/large1.flex_network_description "" 600.0 2147483647 2137449171 -alpha 0.999999 -k 5 -prmv 0.1 -tstart 10000 -w 5 > /tmp/tmp-2021-07-2817:38:29-0.9389111995697021
Executing cmd: ruby SA_wrapper.rb testcases/synthetic4/large1.flex_network_description "" 600.0 2147483647 2137449171 -alpha 0.999999 -k 5 -prmv 0.1 -tstart 10000 -w 5 > /tmp/tmp-2021-07-2817:38:29-0.9389111995697021
Result: SAT, -1, -1, 45025, 2137449171
 Same incumbent, new precision:
New Incumbent: 1.3, 1.0 [2, 600.0]. With state alpha=0.999999, k=5, prmv=0.1, tstart=10000, w=5
getAlgoResultsForInstsAndParams.
  Trial 1 for calling: ruby SA_wrapper.rb testcases/synthetic4/large1.flex_network_description "" 600.0 2147483647 2137449171 -alpha 0.9999 -k 30 -prmv 0.1 -tstart 1 -w 10 > /tmp/tmp-2021-07-2817:48:13-0.7016763687133789
Executing cmd: ruby SA_wrapper.rb testcases/synthetic4/large1.flex_network_description "" 600.0 2147483647 2137449171 -alpha 0.9999 -k 30 -prmv 0.1 -tstart 1 -w 10 > /tmp/tmp-2021-07-2817:48:13-0.7016763687133789
Result: SAT, -1, -1, 44329, 2137449171
          -> After 1 bonus runs: alpha=0.9999 k=30 prmv=0.1 tstart=1 w=10 (1.0 [based on 2 runs with cutoff 600.0])

now 2021-07-28 17:57:57 +0200; start 2021-07-28 15:41:42 +0200; time-start 8174.747780232; maxWall 8640000.0
now 2021-07-28 17:57:57 +0200; start 2021-07-28 15:41:42 +0200; time-start 8174.747880664; maxWall 8640000.0
    Changing ["alpha: 0.9999->0.99"], evaluating ...
getAlgoResultsForInstsAndParams.
  Trial 1 for calling: ruby SA_wrapper.rb testcases/synthetic4/large1.flex_network_description "" 600.0 2147483647 822569775 -alpha 0.99 -k 30 -prmv 0.1 -tstart 1 -w 10 > /tmp/tmp-2021-07-2817:57:57-0.3671302795410156
Executing cmd: ruby SA_wrapper.rb testcases/synthetic4/large1.flex_network_description "" 600.0 2147483647 822569775 -alpha 0.99 -k 30 -prmv 0.1 -tstart 1 -w 10 > /tmp/tmp-2021-07-2817:57:57-0.3671302795410156
Result: SAT, -1, -1, 44299, 822569775
now 2021-07-28 18:07:40 +0200; start 2021-07-28 15:41:42 +0200; time-start 8758.210823115; maxWall 8640000.0
getAlgoResultsForInstsAndParams.
  Trial 1 for calling: ruby SA_wrapper.rb testcases/synthetic4/large1.flex_network_description "" 600.0 2147483647 2137449171 -alpha 0.99 -k 30 -prmv 0.1 -tstart 1 -w 10 > /tmp/tmp-2021-07-2818:07:40-0.3908512592315674
Executing cmd: ruby SA_wrapper.rb testcases/synthetic4/large1.flex_network_description "" 600.0 2147483647 2137449171 -alpha 0.99 -k 30 -prmv 0.1 -tstart 1 -w 10 > /tmp/tmp-2021-07-2818:07:40-0.3908512592315674
Result: SAT, -1, -1, 44571, 2137449171
          -> Take improving step to neighbour alpha=0.99 k=30 prmv=0.1 tstart=1 w=10 (1.0 [based on 2 runs with cutoff 600.0]) with flip 2

          
============= Performing 1 bonus runs of state: alpha=0.99 k=30 prmv=0.1 tstart=1 w=10 (1.0 [based on 2 runs with cutoff 600.0]) ============ 

now 2021-07-28 18:17:24 +0200; start 2021-07-28 15:41:42 +0200; time-start 9341.996563967; maxWall 8640000.0
State wants more detail (2+1) than incumbent (2), doing incumbent first:
alpha=0.99 k=30 prmv=0.1 tstart=1 w=10 (1.0 [based on 2 runs with cutoff 600.0])
alpha=0.999999 k=5 prmv=0.1 tstart=10000 w=5 (1.0 [based on 2 runs with cutoff 600.0])
getAlgoResultsForInstsAndParams.
  Trial 1 for calling: ruby SA_wrapper.rb testcases/synthetic4/large1.flex_network_description "" 600.0 2147483647 524453158 -alpha 0.999999 -k 5 -prmv 0.1 -tstart 10000 -w 5 > /tmp/tmp-2021-07-2818:17:24-0.01394510269165039
Executing cmd: ruby SA_wrapper.rb testcases/synthetic4/large1.flex_network_description "" 600.0 2147483647 524453158 -alpha 0.999999 -k 5 -prmv 0.1 -tstart 10000 -w 5 > /tmp/tmp-2021-07-2818:17:24-0.01394510269165039
Result: SAT, -1, -1, 44590, 524453158
 Same incumbent, new precision:
New Incumbent: 1.7000000000000004, 1.0 [3, 600.0]. With state alpha=0.999999, k=5, prmv=0.1, tstart=10000, w=5
getAlgoResultsForInstsAndParams.
  Trial 1 for calling: ruby SA_wrapper.rb testcases/synthetic4/large1.flex_network_description "" 600.0 2147483647 524453158 -alpha 0.99 -k 30 -prmv 0.1 -tstart 1 -w 10 > /tmp/tmp-2021-07-2818:27:07-0.9155600070953369
Executing cmd: ruby SA_wrapper.rb testcases/synthetic4/large1.flex_network_description "" 600.0 2147483647 524453158 -alpha 0.99 -k 30 -prmv 0.1 -tstart 1 -w 10 > /tmp/tmp-2021-07-2818:27:07-0.9155600070953369
Result: SAT, -1, -1, 44578, 524453158
          -> After 1 bonus runs: alpha=0.99 k=30 prmv=0.1 tstart=1 w=10 (1.0 [based on 3 runs with cutoff 600.0])

now 2021-07-28 18:36:51 +0200; start 2021-07-28 15:41:42 +0200; time-start 10509.318306569; maxWall 8640000.0
now 2021-07-28 18:36:51 +0200; start 2021-07-28 15:41:42 +0200; time-start 10509.31841363; maxWall 8640000.0
    Changing ["w: 10->1000"], evaluating ...
getAlgoResultsForInstsAndParams.
  Trial 1 for calling: ruby SA_wrapper.rb testcases/synthetic4/large1.flex_network_description "" 600.0 2147483647 822569775 -alpha 0.99 -k 30 -prmv 0.1 -tstart 1 -w 1000 > /tmp/tmp-2021-07-2818:36:51-0.7027499675750732
Executing cmd: ruby SA_wrapper.rb testcases/synthetic4/large1.flex_network_description "" 600.0 2147483647 822569775 -alpha 0.99 -k 30 -prmv 0.1 -tstart 1 -w 1000 > /tmp/tmp-2021-07-2818:36:51-0.7027499675750732
Result: SAT, -1, -1, 44509, 822569775
now 2021-07-28 18:46:35 +0200; start 2021-07-28 15:41:42 +0200; time-start 11093.232418677; maxWall 8640000.0
getAlgoResultsForInstsAndParams.
  Trial 1 for calling: ruby SA_wrapper.rb testcases/synthetic4/large1.flex_network_description "" 600.0 2147483647 2137449171 -alpha 0.99 -k 30 -prmv 0.1 -tstart 1 -w 1000 > /tmp/tmp-2021-07-2818:46:35-0.37571215629577637
Executing cmd: ruby SA_wrapper.rb testcases/synthetic4/large1.flex_network_description "" 600.0 2147483647 2137449171 -alpha 0.99 -k 30 -prmv 0.1 -tstart 1 -w 1000 > /tmp/tmp-2021-07-2818:46:35-0.37571215629577637
Result: SAT, -1, -1, 44589, 2137449171
now 2021-07-28 18:56:19 +0200; start 2021-07-28 15:41:42 +0200; time-start 11677.350862972; maxWall 8640000.0
getAlgoResultsForInstsAndParams.
  Trial 1 for calling: ruby SA_wrapper.rb testcases/synthetic4/large1.flex_network_description "" 600.0 2147483647 524453158 -alpha 0.99 -k 30 -prmv 0.1 -tstart 1 -w 1000 > /tmp/tmp-2021-07-2818:56:19-0.6651480197906494
Executing cmd: ruby SA_wrapper.rb testcases/synthetic4/large1.flex_network_description "" 600.0 2147483647 524453158 -alpha 0.99 -k 30 -prmv 0.1 -tstart 1 -w 1000 > /tmp/tmp-2021-07-2818:56:19-0.6651480197906494
Result: SAT, -1, -1, 44711, 524453158
          -> Take improving step to neighbour alpha=0.99 k=30 prmv=0.1 tstart=1 w=1000 (1.0 [based on 3 runs with cutoff 600.0]) with flip 3

          
============= Performing 1 bonus runs of state: alpha=0.99 k=30 prmv=0.1 tstart=1 w=1000 (1.0 [based on 3 runs with cutoff 600.0]) ============ 

now 2021-07-28 19:06:04 +0200; start 2021-07-28 15:41:42 +0200; time-start 12261.814969153; maxWall 8640000.0
State wants more detail (3+1) than incumbent (3), doing incumbent first:
alpha=0.99 k=30 prmv=0.1 tstart=1 w=1000 (1.0 [based on 3 runs with cutoff 600.0])
alpha=0.999999 k=5 prmv=0.1 tstart=10000 w=5 (1.0 [based on 3 runs with cutoff 600.0])
getAlgoResultsForInstsAndParams.
  Trial 1 for calling: ruby SA_wrapper.rb testcases/synthetic4/large1.flex_network_description "" 600.0 2147483647 1365105717 -alpha 0.999999 -k 5 -prmv 0.1 -tstart 10000 -w 5 > /tmp/tmp-2021-07-2819:06:04-0.40134716033935547
Executing cmd: ruby SA_wrapper.rb testcases/synthetic4/large1.flex_network_description "" 600.0 2147483647 1365105717 -alpha 0.999999 -k 5 -prmv 0.1 -tstart 10000 -w 5 > /tmp/tmp-2021-07-2819:06:04-0.40134716033935547
Result: SAT, -1, -1, 44506, 1365105717
 Same incumbent, new precision:
New Incumbent: 2.2000000000000006, 1.0 [4, 600.0]. With state alpha=0.999999, k=5, prmv=0.1, tstart=10000, w=5
getAlgoResultsForInstsAndParams.
  Trial 1 for calling: ruby SA_wrapper.rb testcases/synthetic4/large1.flex_network_description "" 600.0 2147483647 1365105717 -alpha 0.99 -k 30 -prmv 0.1 -tstart 1 -w 1000 > /tmp/tmp-2021-07-2819:15:47-0.3023592233657837
Executing cmd: ruby SA_wrapper.rb testcases/synthetic4/large1.flex_network_description "" 600.0 2147483647 1365105717 -alpha 0.99 -k 30 -prmv 0.1 -tstart 1 -w 1000 > /tmp/tmp-2021-07-2819:15:47-0.3023592233657837
Result: SAT, -1, -1, 44327, 1365105717
          -> After 1 bonus runs: alpha=0.99 k=30 prmv=0.1 tstart=1 w=1000 (1.0 [based on 4 runs with cutoff 600.0])

now 2021-07-28 19:25:32 +0200; start 2021-07-28 15:41:42 +0200; time-start 13430.061642146; maxWall 8640000.0
now 2021-07-28 19:25:32 +0200; start 2021-07-28 15:41:42 +0200; time-start 13430.061748287; maxWall 8640000.0
    Changing ["k: 30->10"], evaluating ...
getAlgoResultsForInstsAndParams.
  Trial 1 for calling: ruby SA_wrapper.rb testcases/synthetic4/large1.flex_network_description "" 600.0 2147483647 822569775 -alpha 0.99 -k 10 -prmv 0.1 -tstart 1 -w 1000 > /tmp/tmp-2021-07-2819:25:32-0.9811954498291016
Executing cmd: ruby SA_wrapper.rb testcases/synthetic4/large1.flex_network_description "" 600.0 2147483647 822569775 -alpha 0.99 -k 10 -prmv 0.1 -tstart 1 -w 1000 > /tmp/tmp-2021-07-2819:25:32-0.9811954498291016
Result: SAT, -1, -1, 44320, 822569775
now 2021-07-28 19:35:16 +0200; start 2021-07-28 15:41:42 +0200; time-start 14013.775971206; maxWall 8640000.0
getAlgoResultsForInstsAndParams.
  Trial 1 for calling: ruby SA_wrapper.rb testcases/synthetic4/large1.flex_network_description "" 600.0 2147483647 2137449171 -alpha 0.99 -k 10 -prmv 0.1 -tstart 1 -w 1000 > /tmp/tmp-2021-07-2819:35:16-0.8488979339599609
Executing cmd: ruby SA_wrapper.rb testcases/synthetic4/large1.flex_network_description "" 600.0 2147483647 2137449171 -alpha 0.99 -k 10 -prmv 0.1 -tstart 1 -w 1000 > /tmp/tmp-2021-07-2819:35:16-0.8488979339599609
Result: SAT, -1, -1, 44708, 2137449171
now 2021-07-28 19:45:00 +0200; start 2021-07-28 15:41:42 +0200; time-start 14597.748050185; maxWall 8640000.0
getAlgoResultsForInstsAndParams.
  Trial 1 for calling: ruby SA_wrapper.rb testcases/synthetic4/large1.flex_network_description "" 600.0 2147483647 524453158 -alpha 0.99 -k 10 -prmv 0.1 -tstart 1 -w 1000 > /tmp/tmp-2021-07-2819:45:00-0.054607391357421875
Executing cmd: ruby SA_wrapper.rb testcases/synthetic4/large1.flex_network_description "" 600.0 2147483647 524453158 -alpha 0.99 -k 10 -prmv 0.1 -tstart 1 -w 1000 > /tmp/tmp-2021-07-2819:45:00-0.054607391357421875
Result: SAT, -1, -1, 44700, 524453158
now 2021-07-28 19:54:43 +0200; start 2021-07-28 15:41:42 +0200; time-start 15180.754676717; maxWall 8640000.0
getAlgoResultsForInstsAndParams.
  Trial 1 for calling: ruby SA_wrapper.rb testcases/synthetic4/large1.flex_network_description "" 600.0 2147483647 1365105717 -alpha 0.99 -k 10 -prmv 0.1 -tstart 1 -w 1000 > /tmp/tmp-2021-07-2819:54:43-0.24240875244140625
Executing cmd: ruby SA_wrapper.rb testcases/synthetic4/large1.flex_network_description "" 600.0 2147483647 1365105717 -alpha 0.99 -k 10 -prmv 0.1 -tstart 1 -w 1000 > /tmp/tmp-2021-07-2819:54:43-0.24240875244140625
Result: SAT, -1, -1, 43872, 1365105717
          -> Take improving step to neighbour alpha=0.99 k=10 prmv=0.1 tstart=1 w=1000 (1.0 [based on 4 runs with cutoff 600.0]) with flip 4

          
============= Performing 1 bonus runs of state: alpha=0.99 k=10 prmv=0.1 tstart=1 w=1000 (1.0 [based on 4 runs with cutoff 600.0]) ============ 

now 2021-07-28 20:04:26 +0200; start 2021-07-28 15:41:42 +0200; time-start 15763.86440259; maxWall 8640000.0
State wants more detail (4+1) than incumbent (4), doing incumbent first:
alpha=0.99 k=10 prmv=0.1 tstart=1 w=1000 (1.0 [based on 4 runs with cutoff 600.0])
alpha=0.999999 k=5 prmv=0.1 tstart=10000 w=5 (1.0 [based on 4 runs with cutoff 600.0])
getAlgoResultsForInstsAndParams.
  Trial 1 for calling: ruby SA_wrapper.rb testcases/synthetic4/large1.flex_network_description "" 600.0 2147483647 1880026316 -alpha 0.999999 -k 5 -prmv 0.1 -tstart 10000 -w 5 > /tmp/tmp-2021-07-2820:04:26-0.6178922653198242
Executing cmd: ruby SA_wrapper.rb testcases/synthetic4/large1.flex_network_description "" 600.0 2147483647 1880026316 -alpha 0.999999 -k 5 -prmv 0.1 -tstart 10000 -w 5 > /tmp/tmp-2021-07-2820:04:26-0.6178922653198242
Result: SAT, -1, -1, 44587, 1880026316
 Same incumbent, new precision:
New Incumbent: 2.800000000000001, 1.0 [5, 600.0]. With state alpha=0.999999, k=5, prmv=0.1, tstart=10000, w=5
getAlgoResultsForInstsAndParams.
  Trial 1 for calling: ruby SA_wrapper.rb testcases/synthetic4/large1.flex_network_description "" 600.0 2147483647 1880026316 -alpha 0.99 -k 10 -prmv 0.1 -tstart 1 -w 1000 > /tmp/tmp-2021-07-2820:14:10-0.7985067367553711
Executing cmd: ruby SA_wrapper.rb testcases/synthetic4/large1.flex_network_description "" 600.0 2147483647 1880026316 -alpha 0.99 -k 10 -prmv 0.1 -tstart 1 -w 1000 > /tmp/tmp-2021-07-2820:14:10-0.7985067367553711
Result: SAT, -1, -1, 44318, 1880026316
          -> After 1 bonus runs: alpha=0.99 k=10 prmv=0.1 tstart=1 w=1000 (1.0 [based on 5 runs with cutoff 600.0])

now 2021-07-28 20:23:53 +0200; start 2021-07-28 15:41:42 +0200; time-start 16931.232926503; maxWall 8640000.0
now 2021-07-28 20:23:53 +0200; start 2021-07-28 15:41:42 +0200; time-start 16931.233035606; maxWall 8640000.0
    Changing ["w: 1000->10"], evaluating ...
getAlgoResultsForInstsAndParams.
  Trial 1 for calling: ruby SA_wrapper.rb testcases/synthetic4/large1.flex_network_description "" 600.0 2147483647 822569775 -alpha 0.99 -k 10 -prmv 0.1 -tstart 1 -w 10 > /tmp/tmp-2021-07-2820:23:53-0.6150100231170654
Executing cmd: ruby SA_wrapper.rb testcases/synthetic4/large1.flex_network_description "" 600.0 2147483647 822569775 -alpha 0.99 -k 10 -prmv 0.1 -tstart 1 -w 10 > /tmp/tmp-2021-07-2820:23:53-0.6150100231170654
Result: SAT, -1, -1, 44305, 822569775
now 2021-07-28 20:33:36 +0200; start 2021-07-28 15:41:42 +0200; time-start 17514.413102315; maxWall 8640000.0
getAlgoResultsForInstsAndParams.
  Trial 1 for calling: ruby SA_wrapper.rb testcases/synthetic4/large1.flex_network_description "" 600.0 2147483647 2137449171 -alpha 0.99 -k 10 -prmv 0.1 -tstart 1 -w 10 > /tmp/tmp-2021-07-2820:33:36-0.0321354866027832
Executing cmd: ruby SA_wrapper.rb testcases/synthetic4/large1.flex_network_description "" 600.0 2147483647 2137449171 -alpha 0.99 -k 10 -prmv 0.1 -tstart 1 -w 10 > /tmp/tmp-2021-07-2820:33:36-0.0321354866027832
Result: SAT, -1, -1, 44048, 2137449171
now 2021-07-28 20:43:19 +0200; start 2021-07-28 15:41:42 +0200; time-start 18097.618745718; maxWall 8640000.0
getAlgoResultsForInstsAndParams.
  Trial 1 for calling: ruby SA_wrapper.rb testcases/synthetic4/large1.flex_network_description "" 600.0 2147483647 524453158 -alpha 0.99 -k 10 -prmv 0.1 -tstart 1 -w 10 > /tmp/tmp-2021-07-2820:43:19-0.5905107259750366
Executing cmd: ruby SA_wrapper.rb testcases/synthetic4/large1.flex_network_description "" 600.0 2147483647 524453158 -alpha 0.99 -k 10 -prmv 0.1 -tstart 1 -w 10 > /tmp/tmp-2021-07-2820:43:19-0.5905107259750366
Result: SAT, -1, -1, 44588, 524453158
now 2021-07-28 20:53:03 +0200; start 2021-07-28 15:41:42 +0200; time-start 18680.729108533; maxWall 8640000.0
getAlgoResultsForInstsAndParams.
  Trial 1 for calling: ruby SA_wrapper.rb testcases/synthetic4/large1.flex_network_description "" 600.0 2147483647 1365105717 -alpha 0.99 -k 10 -prmv 0.1 -tstart 1 -w 10 > /tmp/tmp-2021-07-2820:53:03-0.8033714294433594
Executing cmd: ruby SA_wrapper.rb testcases/synthetic4/large1.flex_network_description "" 600.0 2147483647 1365105717 -alpha 0.99 -k 10 -prmv 0.1 -tstart 1 -w 10 > /tmp/tmp-2021-07-2820:53:03-0.8033714294433594
Result: SAT, -1, -1, 44594, 1365105717
now 2021-07-28 21:02:46 +0200; start 2021-07-28 15:41:42 +0200; time-start 19264.415767752; maxWall 8640000.0
getAlgoResultsForInstsAndParams.
  Trial 1 for calling: ruby SA_wrapper.rb testcases/synthetic4/large1.flex_network_description "" 600.0 2147483647 1880026316 -alpha 0.99 -k 10 -prmv 0.1 -tstart 1 -w 10 > /tmp/tmp-2021-07-2821:02:46-0.6188805103302002
Executing cmd: ruby SA_wrapper.rb testcases/synthetic4/large1.flex_network_description "" 600.0 2147483647 1880026316 -alpha 0.99 -k 10 -prmv 0.1 -tstart 1 -w 10 > /tmp/tmp-2021-07-2821:02:46-0.6188805103302002
Result: SAT, -1, -1, 44572, 1880026316
          -> Take improving step to neighbour alpha=0.99 k=10 prmv=0.1 tstart=1 w=10 (1.0 [based on 5 runs with cutoff 600.0]) with flip 5

          
============= Performing 1 bonus runs of state: alpha=0.99 k=10 prmv=0.1 tstart=1 w=10 (1.0 [based on 5 runs with cutoff 600.0]) ============ 

now 2021-07-28 21:12:30 +0200; start 2021-07-28 15:41:42 +0200; time-start 19847.985137374; maxWall 8640000.0
State wants more detail (5+1) than incumbent (5), doing incumbent first:
alpha=0.99 k=10 prmv=0.1 tstart=1 w=10 (1.0 [based on 5 runs with cutoff 600.0])
alpha=0.999999 k=5 prmv=0.1 tstart=10000 w=5 (1.0 [based on 5 runs with cutoff 600.0])
getAlgoResultsForInstsAndParams.
  Trial 1 for calling: ruby SA_wrapper.rb testcases/synthetic4/large1.flex_network_description "" 600.0 2147483647 481516916 -alpha 0.999999 -k 5 -prmv 0.1 -tstart 10000 -w 5 > /tmp/tmp-2021-07-2821:12:30-0.6597757339477539
Executing cmd: ruby SA_wrapper.rb testcases/synthetic4/large1.flex_network_description "" 600.0 2147483647 481516916 -alpha 0.999999 -k 5 -prmv 0.1 -tstart 10000 -w 5 > /tmp/tmp-2021-07-2821:12:30-0.6597757339477539
Result: SAT, -1, -1, 44923, 481516916
 Same incumbent, new precision:
New Incumbent: 3.5000000000000018, 1.0 [6, 600.0]. With state alpha=0.999999, k=5, prmv=0.1, tstart=10000, w=5
getAlgoResultsForInstsAndParams.
  Trial 1 for calling: ruby SA_wrapper.rb testcases/synthetic4/large1.flex_network_description "" 600.0 2147483647 481516916 -alpha 0.99 -k 10 -prmv 0.1 -tstart 1 -w 10 > /tmp/tmp-2021-07-2821:22:14-0.1674332618713379
Executing cmd: ruby SA_wrapper.rb testcases/synthetic4/large1.flex_network_description "" 600.0 2147483647 481516916 -alpha 0.99 -k 10 -prmv 0.1 -tstart 1 -w 10 > /tmp/tmp-2021-07-2821:22:14-0.1674332618713379
Result: SAT, -1, -1, 44597, 481516916
          -> After 1 bonus runs: alpha=0.99 k=10 prmv=0.1 tstart=1 w=10 (1.0 [based on 6 runs with cutoff 600.0])

ParamILS has reached the specified maximum number of 36 function evaluations => stopping the search now.
          
============= Performing 0 bonus runs of state: alpha=0.99 k=10 prmv=0.1 tstart=1 w=10 (1.0 [based on 6 runs with cutoff 600.0]) ============ 

          -> After 0 bonus runs for LM: alpha=0.99 k=10 prmv=0.1 tstart=1 w=10 (1.0 [based on 6 runs with cutoff 600.0])

   LM for iteration 1: alpha=0.99 k=10 prmv=0.1 tstart=1 w=10 (1.0 [based on 6 runs with cutoff 600.0])

========== DETAILED RESULTS (iteration 1): ==========
[["SAT", -1.0, -1, 44305.0, 822569775], ["SAT", -1.0, -1, 44048.0, 2137449171], ["SAT", -1.0, -1, 44588.0, 524453158], ["SAT", -1.0, -1, 44594.0, 1365105717], ["SAT", -1.0, -1, 44572.0, 1880026316], ["SAT", -1.0, -1, 44597.0, 481516916]]
testcases/synthetic4/large1.flex_network_description: 1.0		[based on 6 runs]
================================================

==================================================================
Best parameter configuration found so far (end of iteration 1): alpha=0.999999, k=5, prmv=0.1, tstart=10000, w=5
==================================================================
Training quality of this incumbent parameter configuration: 1.0, based on 6 runs with cutoff 600.0
==================================================================

Comparing LM against incumbent:
alpha=0.99 k=10 prmv=0.1 tstart=1 w=10 (1.0 [based on 6 runs with cutoff 600.0])
alpha=0.999999 k=5 prmv=0.1 tstart=10000 w=5 (1.0 [based on 6 runs with cutoff 600.0])
LM better, change incumbent
New Incumbent: 3.600000000000002, 1.0 [6, 600.0]. With state alpha=0.99, k=10, prmv=0.1, tstart=1, w=10
ParamILS has reached the specified maximum number of 36 function evaluations => stopping the search now.
Final solution for depth 1 with limit N=2000, and cutoff time=600.0.
New Incumbent: 3.600000000000002, 1.0 [6, 600.0]. With state alpha=0.99, k=10, prmv=0.1, tstart=1, w=10

==================================================================
ParamILS is finished.
==================================================================

Final best parameter configuration found: alpha=0.99, k=10, prmv=0.1, tstart=1, w=10
==================================================================
Active parameters: alpha=0.99, k=10, prmv=0.1, tstart=1, w=10

==================================================================
Training quality of this final best found parameter configuration: 1.0, based on 6 runs with cutoff 600.0
==================================================================


==================================================================
Computing validation result on independent data -- 10 runs with cutoff time 600.0...
==================================================================
getAlgoResultsForInstsAndParams.
  Trial 1 for calling: ruby SA_wrapper.rb testcases/synthetic4/large1.flex_network_description "" 600.0 2147483647 1722738895 -alpha 0.99 -k 10 -prmv 0.1 -tstart 1 -w 10 > /tmp/tmp-2021-07-2821:31:57-0.20200085639953613
Executing cmd: ruby SA_wrapper.rb testcases/synthetic4/large1.flex_network_description "" 600.0 2147483647 1722738895 -alpha 0.99 -k 10 -prmv 0.1 -tstart 1 -w 10 > /tmp/tmp-2021-07-2821:31:57-0.20200085639953613
Result: SAT, -1, -1, 44587, 1722738895
  Trial 1 for calling: ruby SA_wrapper.rb testcases/synthetic4/large1.flex_network_description "" 600.0 2147483647 1531822380 -alpha 0.99 -k 10 -prmv 0.1 -tstart 1 -w 10 > /tmp/tmp-2021-07-2821:41:41-0.5551531314849854
Executing cmd: ruby SA_wrapper.rb testcases/synthetic4/large1.flex_network_description "" 600.0 2147483647 1531822380 -alpha 0.99 -k 10 -prmv 0.1 -tstart 1 -w 10 > /tmp/tmp-2021-07-2821:41:41-0.5551531314849854
Caught exception when executing target algorithm: Call unsuccessful: ruby SA_wrapper.rb testcases/synthetic4/large1.flex_network_description "" 600.0 2147483647 1531822380 -alpha 0.99 -k 10 -prmv 0.1 -tstart 1 -w 10 > /tmp/tmp-2021-07-2821:41:41-0.5551531314849854. Counting the target algorithm run as CRASHED with runtime 600.01 and solution quality 1e100.
  Trial 1 for calling: ruby SA_wrapper.rb testcases/synthetic4/large1.flex_network_description "" 600.0 2147483647 1849474765 -alpha 0.99 -k 10 -prmv 0.1 -tstart 1 -w 10 > /tmp/tmp-2021-07-2821:43:03-0.8290309906005859
Executing cmd: ruby SA_wrapper.rb testcases/synthetic4/large1.flex_network_description "" 600.0 2147483647 1849474765 -alpha 0.99 -k 10 -prmv 0.1 -tstart 1 -w 10 > /tmp/tmp-2021-07-2821:43:03-0.8290309906005859

------------------------------------------------------------
Sender: LSF System <lsfadmin@hpc.dtu.dk>
Subject: Job 10074987: <nikre_tuning_large1> in cluster <dcc> Exited

Job <nikre_tuning_large1> was submitted from host <hpclogin1> by user <nikre> in cluster <dcc> at Wed Jul 28 15:41:40 2021
Job was executed on host(s) <n-62-21-75>, in queue <compute>, as user <nikre> in cluster <dcc> at Wed Jul 28 15:41:41 2021
</zhome/d7/7/125153> was used as the home directory.
</zhome/d7/7/125153/paramILSConfig/large1> was used as the working directory.
Started at Wed Jul 28 15:41:41 2021
Terminated at Wed Jul 28 21:52:55 2021
Results reported at Wed Jul 28 21:52:55 2021

Your job looked like:

------------------------------------------------------------
# LSBATCH: User input
#!/bin/sh
### General options
### -- specify queue --
#BSUB -q compute
### -- set the job Name --
#BSUB -J nikre_tuning_large1
### -- ask for number of cores (default: 1) --
#BSUB -n 1
### -- specify that the cores must be on the same host --
#BSUB -R "span[hosts=1]"
### -- specify that we need 2GB of memory per core/slot --
#BSUB -R "rusage[mem=16GB] select[avx2]"
### -- specify that we want the job to get killed if it exceeds 3 GB per core/slot --
#BSUB -M 32GB
### -- set walltime limit: hh:mm --
#BSUB -W 6:00
### -- set the email address --
# please uncomment the following line and put in your e-mail address,
# if you want to receive e-mail notifications on a non-default address
##BSUB -u your_email_address
### -- send notification at start --
###BSUB -B
### -- send notification at completion --
###BSUB -N
### -- Specify the output and error file. %J is the job-id --
### -- -o and -e mean append, -oo and -eo mean overwrite --
#BSUB -oo out_tune%J.out
#BSUB -eo out_tune%J.err

module load python3/3.9.5
bash tune.sh placeholder_argument

------------------------------------------------------------

TERM_RUNLIMIT: job killed after reaching LSF run time limit.
Exited with exit code 140.

Resource usage summary:

    CPU time :                                   22228.00 sec.
    Max Memory :                                 92 MB
    Average Memory :                             89.12 MB
    Total Requested Memory :                     16384.00 MB
    Delta Memory :                               16292.00 MB
    Max Swap :                                   -
    Max Processes :                              9
    Max Threads :                                13
    Run time :                                   22275 sec.
    Turnaround time :                            22275 sec.

The output (if any) is above this job summary.



PS:

Read file <out_tune10074987.err> for stderr output of this job.

