max wall time = 8640000
/zhome/d7/7/125153/paramILSConfig/TC1_automotive/params.txt
5 parameters in total
0 parameters are conditional.
0 parameter combinations are forbidden.
num_params = 5, num_combos=1125
seed: 1234
Run 1
Level 
========================================================
Starting ILS for level 1, i.e. a limit of N=2000, and cutoff time=600.0.
Current CPU time = 0, this run goes until 92000.0 
========================================================
New Incumbent: 0, 100000000 [0, 0]. With state alpha=0.999999, k=5, prmv=0.1, tstart=10000, w=5
getAlgoResultsForInstsAndParams.
  Trial 1 for calling: ruby SA_wrapper.rb testcases/synthetic4/TC1_automotive.flex_network_description "" 600.0 2147483647 822569775 -alpha 0.999999 -k 5 -prmv 0.1 -tstart 10000 -w 5 > /tmp/tmp-2021-07-3010:51:58-0.36840033531188965
Executing cmd: ruby SA_wrapper.rb testcases/synthetic4/TC1_automotive.flex_network_description "" 600.0 2147483647 822569775 -alpha 0.999999 -k 5 -prmv 0.1 -tstart 10000 -w 5 > /tmp/tmp-2021-07-3010:51:58-0.36840033531188965
Result: SAT, -1, -1, 14912, 822569775
 Same incumbent, new precision:
New Incumbent: 0.1, 1.0 [1, 600.0]. With state alpha=0.999999, k=5, prmv=0.1, tstart=10000, w=5
now 2021-07-30 11:01:41 +0200; start 2021-07-30 10:51:58 +0200; time-start 583.34203634; maxWall 8640000.0
getAlgoResultsForInstsAndParams.
  Trial 1 for calling: ruby SA_wrapper.rb testcases/synthetic4/TC1_automotive.flex_network_description "" 600.0 2147483647 822569775 -alpha 0.9 -k 30 -prmv 0.9 -tstart 10000 -w 10 > /tmp/tmp-2021-07-3011:01:41-0.4183487892150879
Executing cmd: ruby SA_wrapper.rb testcases/synthetic4/TC1_automotive.flex_network_description "" 600.0 2147483647 822569775 -alpha 0.9 -k 30 -prmv 0.9 -tstart 10000 -w 10 > /tmp/tmp-2021-07-3011:01:41-0.4183487892150879
Result: SAT, -1, -1, 14984, 822569775
          -> Take improving step to random alpha=0.9 k=30 prmv=0.9 tstart=10000 w=10 (1.0 [based on 1 runs with cutoff 600.0])

now 2021-07-30 11:11:24 +0200; start 2021-07-30 10:51:58 +0200; time-start 1166.142397648; maxWall 8640000.0
getAlgoResultsForInstsAndParams.
  Trial 1 for calling: ruby SA_wrapper.rb testcases/synthetic4/TC1_automotive.flex_network_description "" 600.0 2147483647 822569775 -alpha 0.9999 -k 10 -prmv 0.5 -tstart 1 -w 1000 > /tmp/tmp-2021-07-3011:11:24-0.6768836975097656
Executing cmd: ruby SA_wrapper.rb testcases/synthetic4/TC1_automotive.flex_network_description "" 600.0 2147483647 822569775 -alpha 0.9999 -k 10 -prmv 0.5 -tstart 1 -w 1000 > /tmp/tmp-2021-07-3011:11:24-0.6768836975097656
Result: SAT, -1, -1, 13596, 822569775
          -> Take improving step to random alpha=0.9999 k=10 prmv=0.5 tstart=1 w=1000 (1.0 [based on 1 runs with cutoff 600.0])

now 2021-07-30 11:21:07 +0200; start 2021-07-30 10:51:58 +0200; time-start 1749.142147587; maxWall 8640000.0
getAlgoResultsForInstsAndParams.
  Trial 1 for calling: ruby SA_wrapper.rb testcases/synthetic4/TC1_automotive.flex_network_description "" 600.0 2147483647 822569775 -alpha 0.8 -k 30 -prmv 0.5 -tstart 1 -w 1000 > /tmp/tmp-2021-07-3011:21:07-0.444718599319458
Executing cmd: ruby SA_wrapper.rb testcases/synthetic4/TC1_automotive.flex_network_description "" 600.0 2147483647 822569775 -alpha 0.8 -k 30 -prmv 0.5 -tstart 1 -w 1000 > /tmp/tmp-2021-07-3011:21:07-0.444718599319458
Result: SAT, -1, -1, 13645, 822569775
          -> Take improving step to random alpha=0.8 k=30 prmv=0.5 tstart=1 w=1000 (1.0 [based on 1 runs with cutoff 600.0])

now 2021-07-30 11:30:50 +0200; start 2021-07-30 10:51:58 +0200; time-start 2332.298299778; maxWall 8640000.0
getAlgoResultsForInstsAndParams.
  Trial 1 for calling: ruby SA_wrapper.rb testcases/synthetic4/TC1_automotive.flex_network_description "" 600.0 2147483647 822569775 -alpha 0.999999 -k 5 -prmv 0.9 -tstart 10 -w 5 > /tmp/tmp-2021-07-3011:30:50-0.9234364032745361
Executing cmd: ruby SA_wrapper.rb testcases/synthetic4/TC1_automotive.flex_network_description "" 600.0 2147483647 822569775 -alpha 0.999999 -k 5 -prmv 0.9 -tstart 10 -w 5 > /tmp/tmp-2021-07-3011:30:50-0.9234364032745361
Result: SAT, -1, -1, 14575, 822569775
          -> Take improving step to random alpha=0.999999 k=5 prmv=0.9 tstart=10 w=5 (1.0 [based on 1 runs with cutoff 600.0])

now 2021-07-30 11:40:33 +0200; start 2021-07-30 10:51:58 +0200; time-start 2915.096638249; maxWall 8640000.0
getAlgoResultsForInstsAndParams.
  Trial 1 for calling: ruby SA_wrapper.rb testcases/synthetic4/TC1_automotive.flex_network_description "" 600.0 2147483647 822569775 -alpha 0.9999 -k 15 -prmv 0.1 -tstart 10000 -w 10 > /tmp/tmp-2021-07-3011:40:33-0.57491135597229
Executing cmd: ruby SA_wrapper.rb testcases/synthetic4/TC1_automotive.flex_network_description "" 600.0 2147483647 822569775 -alpha 0.9999 -k 15 -prmv 0.1 -tstart 10000 -w 10 > /tmp/tmp-2021-07-3011:40:33-0.57491135597229
Result: SAT, -1, -1, 14700, 822569775
          -> Take improving step to random alpha=0.9999 k=15 prmv=0.1 tstart=10000 w=10 (1.0 [based on 1 runs with cutoff 600.0])

now 2021-07-30 11:50:16 +0200; start 2021-07-30 10:51:58 +0200; time-start 3497.914290025; maxWall 8640000.0
getAlgoResultsForInstsAndParams.
  Trial 1 for calling: ruby SA_wrapper.rb testcases/synthetic4/TC1_automotive.flex_network_description "" 600.0 2147483647 822569775 -alpha 0.99 -k 15 -prmv 0.7 -tstart 10000 -w 10 > /tmp/tmp-2021-07-3011:50:16-0.8078370094299316
Executing cmd: ruby SA_wrapper.rb testcases/synthetic4/TC1_automotive.flex_network_description "" 600.0 2147483647 822569775 -alpha 0.99 -k 15 -prmv 0.7 -tstart 10000 -w 10 > /tmp/tmp-2021-07-3011:50:16-0.8078370094299316
Result: SAT, -1, -1, 13888, 822569775
          -> Take improving step to random alpha=0.99 k=15 prmv=0.7 tstart=10000 w=10 (1.0 [based on 1 runs with cutoff 600.0])

now 2021-07-30 11:59:58 +0200; start 2021-07-30 10:51:58 +0200; time-start 4080.382170336; maxWall 8640000.0
getAlgoResultsForInstsAndParams.
  Trial 1 for calling: ruby SA_wrapper.rb testcases/synthetic4/TC1_automotive.flex_network_description "" 600.0 2147483647 822569775 -alpha 0.9 -k 5 -prmv 0.7 -tstart 1 -w 5 > /tmp/tmp-2021-07-3011:59:58-0.6576292514801025
Executing cmd: ruby SA_wrapper.rb testcases/synthetic4/TC1_automotive.flex_network_description "" 600.0 2147483647 822569775 -alpha 0.9 -k 5 -prmv 0.7 -tstart 1 -w 5 > /tmp/tmp-2021-07-3011:59:58-0.6576292514801025
Result: SAT, -1, -1, 14587, 822569775
          -> Take improving step to random alpha=0.9 k=5 prmv=0.7 tstart=1 w=5 (1.0 [based on 1 runs with cutoff 600.0])

now 2021-07-30 12:09:41 +0200; start 2021-07-30 10:51:58 +0200; time-start 4663.085131603; maxWall 8640000.0
getAlgoResultsForInstsAndParams.
  Trial 1 for calling: ruby SA_wrapper.rb testcases/synthetic4/TC1_automotive.flex_network_description "" 600.0 2147483647 822569775 -alpha 0.9999 -k 20 -prmv 0.7 -tstart 1 -w 10 > /tmp/tmp-2021-07-3012:09:41-0.5433008670806885
Executing cmd: ruby SA_wrapper.rb testcases/synthetic4/TC1_automotive.flex_network_description "" 600.0 2147483647 822569775 -alpha 0.9999 -k 20 -prmv 0.7 -tstart 1 -w 10 > /tmp/tmp-2021-07-3012:09:41-0.5433008670806885
Result: SAT, -1, -1, 13623, 822569775
          -> Take improving step to random alpha=0.9999 k=20 prmv=0.7 tstart=1 w=10 (1.0 [based on 1 runs with cutoff 600.0])

now 2021-07-30 12:19:24 +0200; start 2021-07-30 10:51:58 +0200; time-start 5245.84378671; maxWall 8640000.0
getAlgoResultsForInstsAndParams.
  Trial 1 for calling: ruby SA_wrapper.rb testcases/synthetic4/TC1_automotive.flex_network_description "" 600.0 2147483647 822569775 -alpha 0.9 -k 30 -prmv 0.5 -tstart 1 -w 5 > /tmp/tmp-2021-07-3012:19:24-0.1601414680480957
Executing cmd: ruby SA_wrapper.rb testcases/synthetic4/TC1_automotive.flex_network_description "" 600.0 2147483647 822569775 -alpha 0.9 -k 30 -prmv 0.5 -tstart 1 -w 5 > /tmp/tmp-2021-07-3012:19:24-0.1601414680480957
Result: SAT, -1, -1, 14307, 822569775
          -> Take improving step to random alpha=0.9 k=30 prmv=0.5 tstart=1 w=5 (1.0 [based on 1 runs with cutoff 600.0])

now 2021-07-30 12:29:07 +0200; start 2021-07-30 10:51:58 +0200; time-start 5828.727818343; maxWall 8640000.0
getAlgoResultsForInstsAndParams.
  Trial 1 for calling: ruby SA_wrapper.rb testcases/synthetic4/TC1_automotive.flex_network_description "" 600.0 2147483647 822569775 -alpha 0.9999 -k 30 -prmv 0.1 -tstart 10000 -w 10 > /tmp/tmp-2021-07-3012:29:07-0.07180500030517578
Executing cmd: ruby SA_wrapper.rb testcases/synthetic4/TC1_automotive.flex_network_description "" 600.0 2147483647 822569775 -alpha 0.9999 -k 30 -prmv 0.1 -tstart 10000 -w 10 > /tmp/tmp-2021-07-3012:29:07-0.07180500030517578
Result: SAT, -1, -1, 15434, 822569775
          -> Take improving step to random alpha=0.9999 k=30 prmv=0.1 tstart=10000 w=10 (1.0 [based on 1 runs with cutoff 600.0])

   BLS in iteration 1, start with alpha=0.9999 k=30 prmv=0.1 tstart=10000 w=10 (1.0 [based on 1 runs with cutoff 600.0])
now 2021-07-30 12:38:50 +0200; start 2021-07-30 10:51:58 +0200; time-start 6411.653208685; maxWall 8640000.0
now 2021-07-30 12:38:50 +0200; start 2021-07-30 10:51:58 +0200; time-start 6411.653320308; maxWall 8640000.0
    Changing ["tstart: 10000->1"], evaluating ...
getAlgoResultsForInstsAndParams.
  Trial 1 for calling: ruby SA_wrapper.rb testcases/synthetic4/TC1_automotive.flex_network_description "" 600.0 2147483647 822569775 -alpha 0.9999 -k 30 -prmv 0.1 -tstart 1 -w 10 > /tmp/tmp-2021-07-3012:38:50-0.8323307037353516
Executing cmd: ruby SA_wrapper.rb testcases/synthetic4/TC1_automotive.flex_network_description "" 600.0 2147483647 822569775 -alpha 0.9999 -k 30 -prmv 0.1 -tstart 1 -w 10 > /tmp/tmp-2021-07-3012:38:50-0.8323307037353516
Result: SAT, -1, -1, 13688, 822569775
          -> Take improving step to neighbour alpha=0.9999 k=30 prmv=0.1 tstart=1 w=10 (1.0 [based on 1 runs with cutoff 600.0]) with flip 1

          
============= Performing 1 bonus runs of state: alpha=0.9999 k=30 prmv=0.1 tstart=1 w=10 (1.0 [based on 1 runs with cutoff 600.0]) ============ 

now 2021-07-30 12:48:33 +0200; start 2021-07-30 10:51:58 +0200; time-start 6995.145816385; maxWall 8640000.0
State wants more detail (1+1) than incumbent (1), doing incumbent first:
alpha=0.9999 k=30 prmv=0.1 tstart=1 w=10 (1.0 [based on 1 runs with cutoff 600.0])
alpha=0.999999 k=5 prmv=0.1 tstart=10000 w=5 (1.0 [based on 1 runs with cutoff 600.0])
getAlgoResultsForInstsAndParams.
  Trial 1 for calling: ruby SA_wrapper.rb testcases/synthetic4/TC1_automotive.flex_network_description "" 600.0 2147483647 2137449171 -alpha 0.999999 -k 5 -prmv 0.1 -tstart 10000 -w 5 > /tmp/tmp-2021-07-3012:48:33-0.7546310424804688
Executing cmd: ruby SA_wrapper.rb testcases/synthetic4/TC1_automotive.flex_network_description "" 600.0 2147483647 2137449171 -alpha 0.999999 -k 5 -prmv 0.1 -tstart 10000 -w 5 > /tmp/tmp-2021-07-3012:48:33-0.7546310424804688
Result: SAT, -1, -1, 15194, 2137449171
 Same incumbent, new precision:
New Incumbent: 1.3, 1.0 [2, 600.0]. With state alpha=0.999999, k=5, prmv=0.1, tstart=10000, w=5
getAlgoResultsForInstsAndParams.
  Trial 1 for calling: ruby SA_wrapper.rb testcases/synthetic4/TC1_automotive.flex_network_description "" 600.0 2147483647 2137449171 -alpha 0.9999 -k 30 -prmv 0.1 -tstart 1 -w 10 > /tmp/tmp-2021-07-3012:58:15-0.0026019811630249023
Executing cmd: ruby SA_wrapper.rb testcases/synthetic4/TC1_automotive.flex_network_description "" 600.0 2147483647 2137449171 -alpha 0.9999 -k 30 -prmv 0.1 -tstart 1 -w 10 > /tmp/tmp-2021-07-3012:58:15-0.0026019811630249023
Result: SAT, -1, -1, 13908, 2137449171
          -> After 1 bonus runs: alpha=0.9999 k=30 prmv=0.1 tstart=1 w=10 (1.0 [based on 2 runs with cutoff 600.0])

now 2021-07-30 13:07:58 +0200; start 2021-07-30 10:51:58 +0200; time-start 8160.132695591; maxWall 8640000.0
now 2021-07-30 13:07:58 +0200; start 2021-07-30 10:51:58 +0200; time-start 8160.132788032; maxWall 8640000.0
    Changing ["alpha: 0.9999->0.99"], evaluating ...
getAlgoResultsForInstsAndParams.
  Trial 1 for calling: ruby SA_wrapper.rb testcases/synthetic4/TC1_automotive.flex_network_description "" 600.0 2147483647 822569775 -alpha 0.99 -k 30 -prmv 0.1 -tstart 1 -w 10 > /tmp/tmp-2021-07-3013:07:58-0.18312406539916992
Executing cmd: ruby SA_wrapper.rb testcases/synthetic4/TC1_automotive.flex_network_description "" 600.0 2147483647 822569775 -alpha 0.99 -k 30 -prmv 0.1 -tstart 1 -w 10 > /tmp/tmp-2021-07-3013:07:58-0.18312406539916992
Result: SAT, -1, -1, 14311, 822569775
now 2021-07-30 13:17:41 +0200; start 2021-07-30 10:51:58 +0200; time-start 8743.264223154; maxWall 8640000.0
getAlgoResultsForInstsAndParams.
  Trial 1 for calling: ruby SA_wrapper.rb testcases/synthetic4/TC1_automotive.flex_network_description "" 600.0 2147483647 2137449171 -alpha 0.99 -k 30 -prmv 0.1 -tstart 1 -w 10 > /tmp/tmp-2021-07-3013:17:41-0.6171653270721436
Executing cmd: ruby SA_wrapper.rb testcases/synthetic4/TC1_automotive.flex_network_description "" 600.0 2147483647 2137449171 -alpha 0.99 -k 30 -prmv 0.1 -tstart 1 -w 10 > /tmp/tmp-2021-07-3013:17:41-0.6171653270721436
Result: SAT, -1, -1, 14351, 2137449171
          -> Take improving step to neighbour alpha=0.99 k=30 prmv=0.1 tstart=1 w=10 (1.0 [based on 2 runs with cutoff 600.0]) with flip 2

          
============= Performing 1 bonus runs of state: alpha=0.99 k=30 prmv=0.1 tstart=1 w=10 (1.0 [based on 2 runs with cutoff 600.0]) ============ 

now 2021-07-30 13:27:24 +0200; start 2021-07-30 10:51:58 +0200; time-start 9326.148184695; maxWall 8640000.0
State wants more detail (2+1) than incumbent (2), doing incumbent first:
alpha=0.99 k=30 prmv=0.1 tstart=1 w=10 (1.0 [based on 2 runs with cutoff 600.0])
alpha=0.999999 k=5 prmv=0.1 tstart=10000 w=5 (1.0 [based on 2 runs with cutoff 600.0])
getAlgoResultsForInstsAndParams.
  Trial 1 for calling: ruby SA_wrapper.rb testcases/synthetic4/TC1_automotive.flex_network_description "" 600.0 2147483647 524453158 -alpha 0.999999 -k 5 -prmv 0.1 -tstart 10000 -w 5 > /tmp/tmp-2021-07-3013:27:24-0.3576779365539551
Executing cmd: ruby SA_wrapper.rb testcases/synthetic4/TC1_automotive.flex_network_description "" 600.0 2147483647 524453158 -alpha 0.999999 -k 5 -prmv 0.1 -tstart 10000 -w 5 > /tmp/tmp-2021-07-3013:27:24-0.3576779365539551
Result: SAT, -1, -1, 15117, 524453158
 Same incumbent, new precision:
New Incumbent: 1.7000000000000004, 1.0 [3, 600.0]. With state alpha=0.999999, k=5, prmv=0.1, tstart=10000, w=5
getAlgoResultsForInstsAndParams.
  Trial 1 for calling: ruby SA_wrapper.rb testcases/synthetic4/TC1_automotive.flex_network_description "" 600.0 2147483647 524453158 -alpha 0.99 -k 30 -prmv 0.1 -tstart 1 -w 10 > /tmp/tmp-2021-07-3013:37:07-0.9536173343658447
Executing cmd: ruby SA_wrapper.rb testcases/synthetic4/TC1_automotive.flex_network_description "" 600.0 2147483647 524453158 -alpha 0.99 -k 30 -prmv 0.1 -tstart 1 -w 10 > /tmp/tmp-2021-07-3013:37:07-0.9536173343658447
Result: SAT, -1, -1, 14332, 524453158
          -> After 1 bonus runs: alpha=0.99 k=30 prmv=0.1 tstart=1 w=10 (1.0 [based on 3 runs with cutoff 600.0])

now 2021-07-30 13:46:50 +0200; start 2021-07-30 10:51:58 +0200; time-start 10492.167838596; maxWall 8640000.0
now 2021-07-30 13:46:50 +0200; start 2021-07-30 10:51:58 +0200; time-start 10492.167930059; maxWall 8640000.0
    Changing ["w: 10->1000"], evaluating ...
getAlgoResultsForInstsAndParams.
  Trial 1 for calling: ruby SA_wrapper.rb testcases/synthetic4/TC1_automotive.flex_network_description "" 600.0 2147483647 822569775 -alpha 0.99 -k 30 -prmv 0.1 -tstart 1 -w 1000 > /tmp/tmp-2021-07-3013:46:50-0.3641397953033447
Executing cmd: ruby SA_wrapper.rb testcases/synthetic4/TC1_automotive.flex_network_description "" 600.0 2147483647 822569775 -alpha 0.99 -k 30 -prmv 0.1 -tstart 1 -w 1000 > /tmp/tmp-2021-07-3013:46:50-0.3641397953033447
Result: SAT, -1, -1, 14315, 822569775
now 2021-07-30 13:56:33 +0200; start 2021-07-30 10:51:58 +0200; time-start 11074.767840775; maxWall 8640000.0
getAlgoResultsForInstsAndParams.
  Trial 1 for calling: ruby SA_wrapper.rb testcases/synthetic4/TC1_automotive.flex_network_description "" 600.0 2147483647 2137449171 -alpha 0.99 -k 30 -prmv 0.1 -tstart 1 -w 1000 > /tmp/tmp-2021-07-3013:56:33-0.0900278091430664
Executing cmd: ruby SA_wrapper.rb testcases/synthetic4/TC1_automotive.flex_network_description "" 600.0 2147483647 2137449171 -alpha 0.99 -k 30 -prmv 0.1 -tstart 1 -w 1000 > /tmp/tmp-2021-07-3013:56:33-0.0900278091430664
Result: SAT, -1, -1, 14370, 2137449171
now 2021-07-30 14:06:15 +0200; start 2021-07-30 10:51:58 +0200; time-start 11657.470069179; maxWall 8640000.0
getAlgoResultsForInstsAndParams.
  Trial 1 for calling: ruby SA_wrapper.rb testcases/synthetic4/TC1_automotive.flex_network_description "" 600.0 2147483647 524453158 -alpha 0.99 -k 30 -prmv 0.1 -tstart 1 -w 1000 > /tmp/tmp-2021-07-3014:06:15-0.44191503524780273
Executing cmd: ruby SA_wrapper.rb testcases/synthetic4/TC1_automotive.flex_network_description "" 600.0 2147483647 524453158 -alpha 0.99 -k 30 -prmv 0.1 -tstart 1 -w 1000 > /tmp/tmp-2021-07-3014:06:15-0.44191503524780273
Result: SAT, -1, -1, 13705, 524453158
          -> Take improving step to neighbour alpha=0.99 k=30 prmv=0.1 tstart=1 w=1000 (1.0 [based on 3 runs with cutoff 600.0]) with flip 3

          
============= Performing 1 bonus runs of state: alpha=0.99 k=30 prmv=0.1 tstart=1 w=1000 (1.0 [based on 3 runs with cutoff 600.0]) ============ 

now 2021-07-30 14:15:59 +0200; start 2021-07-30 10:51:58 +0200; time-start 12240.667577158; maxWall 8640000.0
State wants more detail (3+1) than incumbent (3), doing incumbent first:
alpha=0.99 k=30 prmv=0.1 tstart=1 w=1000 (1.0 [based on 3 runs with cutoff 600.0])
alpha=0.999999 k=5 prmv=0.1 tstart=10000 w=5 (1.0 [based on 3 runs with cutoff 600.0])
getAlgoResultsForInstsAndParams.
  Trial 1 for calling: ruby SA_wrapper.rb testcases/synthetic4/TC1_automotive.flex_network_description "" 600.0 2147483647 1365105717 -alpha 0.999999 -k 5 -prmv 0.1 -tstart 10000 -w 5 > /tmp/tmp-2021-07-3014:15:59-0.7704715728759766
Executing cmd: ruby SA_wrapper.rb testcases/synthetic4/TC1_automotive.flex_network_description "" 600.0 2147483647 1365105717 -alpha 0.999999 -k 5 -prmv 0.1 -tstart 10000 -w 5 > /tmp/tmp-2021-07-3014:15:59-0.7704715728759766
Result: SAT, -1, -1, 15178, 1365105717
 Same incumbent, new precision:
New Incumbent: 2.2000000000000006, 1.0 [4, 600.0]. With state alpha=0.999999, k=5, prmv=0.1, tstart=10000, w=5
getAlgoResultsForInstsAndParams.
  Trial 1 for calling: ruby SA_wrapper.rb testcases/synthetic4/TC1_automotive.flex_network_description "" 600.0 2147483647 1365105717 -alpha 0.99 -k 30 -prmv 0.1 -tstart 1 -w 1000 > /tmp/tmp-2021-07-3014:25:42-0.6094017028808594
Executing cmd: ruby SA_wrapper.rb testcases/synthetic4/TC1_automotive.flex_network_description "" 600.0 2147483647 1365105717 -alpha 0.99 -k 30 -prmv 0.1 -tstart 1 -w 1000 > /tmp/tmp-2021-07-3014:25:42-0.6094017028808594
Result: SAT, -1, -1, 14330, 1365105717
          -> After 1 bonus runs: alpha=0.99 k=30 prmv=0.1 tstart=1 w=1000 (1.0 [based on 4 runs with cutoff 600.0])

now 2021-07-30 14:35:24 +0200; start 2021-07-30 10:51:58 +0200; time-start 13406.355656466; maxWall 8640000.0
now 2021-07-30 14:35:24 +0200; start 2021-07-30 10:51:58 +0200; time-start 13406.355762566; maxWall 8640000.0
    Changing ["k: 30->10"], evaluating ...
getAlgoResultsForInstsAndParams.
  Trial 1 for calling: ruby SA_wrapper.rb testcases/synthetic4/TC1_automotive.flex_network_description "" 600.0 2147483647 822569775 -alpha 0.99 -k 10 -prmv 0.1 -tstart 1 -w 1000 > /tmp/tmp-2021-07-3014:35:24-0.4262959957122803
Executing cmd: ruby SA_wrapper.rb testcases/synthetic4/TC1_automotive.flex_network_description "" 600.0 2147483647 822569775 -alpha 0.99 -k 10 -prmv 0.1 -tstart 1 -w 1000 > /tmp/tmp-2021-07-3014:35:24-0.4262959957122803
Result: SAT, -1, -1, 14334, 822569775
now 2021-07-30 14:45:07 +0200; start 2021-07-30 10:51:58 +0200; time-start 13989.486267672; maxWall 8640000.0
getAlgoResultsForInstsAndParams.
  Trial 1 for calling: ruby SA_wrapper.rb testcases/synthetic4/TC1_automotive.flex_network_description "" 600.0 2147483647 2137449171 -alpha 0.99 -k 10 -prmv 0.1 -tstart 1 -w 1000 > /tmp/tmp-2021-07-3014:45:07-0.7977792024612427
Executing cmd: ruby SA_wrapper.rb testcases/synthetic4/TC1_automotive.flex_network_description "" 600.0 2147483647 2137449171 -alpha 0.99 -k 10 -prmv 0.1 -tstart 1 -w 1000 > /tmp/tmp-2021-07-3014:45:07-0.7977792024612427
Result: SAT, -1, -1, 13621, 2137449171
now 2021-07-30 14:54:50 +0200; start 2021-07-30 10:51:58 +0200; time-start 14572.374789746; maxWall 8640000.0
getAlgoResultsForInstsAndParams.
  Trial 1 for calling: ruby SA_wrapper.rb testcases/synthetic4/TC1_automotive.flex_network_description "" 600.0 2147483647 524453158 -alpha 0.99 -k 10 -prmv 0.1 -tstart 1 -w 1000 > /tmp/tmp-2021-07-3014:54:50-0.25111138820648193
Executing cmd: ruby SA_wrapper.rb testcases/synthetic4/TC1_automotive.flex_network_description "" 600.0 2147483647 524453158 -alpha 0.99 -k 10 -prmv 0.1 -tstart 1 -w 1000 > /tmp/tmp-2021-07-3014:54:50-0.25111138820648193
Result: SAT, -1, -1, 14271, 524453158
now 2021-07-30 15:04:33 +0200; start 2021-07-30 10:51:58 +0200; time-start 15155.289726241; maxWall 8640000.0
getAlgoResultsForInstsAndParams.
  Trial 1 for calling: ruby SA_wrapper.rb testcases/synthetic4/TC1_automotive.flex_network_description "" 600.0 2147483647 1365105717 -alpha 0.99 -k 10 -prmv 0.1 -tstart 1 -w 1000 > /tmp/tmp-2021-07-3015:04:33-0.41541028022766113
Executing cmd: ruby SA_wrapper.rb testcases/synthetic4/TC1_automotive.flex_network_description "" 600.0 2147483647 1365105717 -alpha 0.99 -k 10 -prmv 0.1 -tstart 1 -w 1000 > /tmp/tmp-2021-07-3015:04:33-0.41541028022766113
Result: SAT, -1, -1, 14312, 1365105717
          -> Take improving step to neighbour alpha=0.99 k=10 prmv=0.1 tstart=1 w=1000 (1.0 [based on 4 runs with cutoff 600.0]) with flip 4

          
============= Performing 1 bonus runs of state: alpha=0.99 k=10 prmv=0.1 tstart=1 w=1000 (1.0 [based on 4 runs with cutoff 600.0]) ============ 

now 2021-07-30 15:14:16 +0200; start 2021-07-30 10:51:58 +0200; time-start 15738.345703557; maxWall 8640000.0
State wants more detail (4+1) than incumbent (4), doing incumbent first:
alpha=0.99 k=10 prmv=0.1 tstart=1 w=1000 (1.0 [based on 4 runs with cutoff 600.0])
alpha=0.999999 k=5 prmv=0.1 tstart=10000 w=5 (1.0 [based on 4 runs with cutoff 600.0])
getAlgoResultsForInstsAndParams.
  Trial 1 for calling: ruby SA_wrapper.rb testcases/synthetic4/TC1_automotive.flex_network_description "" 600.0 2147483647 1880026316 -alpha 0.999999 -k 5 -prmv 0.1 -tstart 10000 -w 5 > /tmp/tmp-2021-07-3015:14:16-0.10707211494445801
Executing cmd: ruby SA_wrapper.rb testcases/synthetic4/TC1_automotive.flex_network_description "" 600.0 2147483647 1880026316 -alpha 0.999999 -k 5 -prmv 0.1 -tstart 10000 -w 5 > /tmp/tmp-2021-07-3015:14:16-0.10707211494445801
Result: SAT, -1, -1, 14994, 1880026316
 Same incumbent, new precision:
New Incumbent: 2.800000000000001, 1.0 [5, 600.0]. With state alpha=0.999999, k=5, prmv=0.1, tstart=10000, w=5
getAlgoResultsForInstsAndParams.
  Trial 1 for calling: ruby SA_wrapper.rb testcases/synthetic4/TC1_automotive.flex_network_description "" 600.0 2147483647 1880026316 -alpha 0.99 -k 10 -prmv 0.1 -tstart 1 -w 1000 > /tmp/tmp-2021-07-3015:23:59-0.7516241073608398
Executing cmd: ruby SA_wrapper.rb testcases/synthetic4/TC1_automotive.flex_network_description "" 600.0 2147483647 1880026316 -alpha 0.99 -k 10 -prmv 0.1 -tstart 1 -w 1000 > /tmp/tmp-2021-07-3015:23:59-0.7516241073608398
Result: SAT, -1, -1, 13636, 1880026316
          -> After 1 bonus runs: alpha=0.99 k=10 prmv=0.1 tstart=1 w=1000 (1.0 [based on 5 runs with cutoff 600.0])

now 2021-07-30 15:33:42 +0200; start 2021-07-30 10:51:58 +0200; time-start 16904.140056276; maxWall 8640000.0
now 2021-07-30 15:33:42 +0200; start 2021-07-30 10:51:58 +0200; time-start 16904.140184264; maxWall 8640000.0
    Changing ["w: 1000->10"], evaluating ...
getAlgoResultsForInstsAndParams.
  Trial 1 for calling: ruby SA_wrapper.rb testcases/synthetic4/TC1_automotive.flex_network_description "" 600.0 2147483647 822569775 -alpha 0.99 -k 10 -prmv 0.1 -tstart 1 -w 10 > /tmp/tmp-2021-07-3015:33:42-0.40451741218566895
Executing cmd: ruby SA_wrapper.rb testcases/synthetic4/TC1_automotive.flex_network_description "" 600.0 2147483647 822569775 -alpha 0.99 -k 10 -prmv 0.1 -tstart 1 -w 10 > /tmp/tmp-2021-07-3015:33:42-0.40451741218566895
Result: SAT, -1, -1, 13665, 822569775
now 2021-07-30 15:43:25 +0200; start 2021-07-30 10:51:58 +0200; time-start 17486.652410734; maxWall 8640000.0
getAlgoResultsForInstsAndParams.
  Trial 1 for calling: ruby SA_wrapper.rb testcases/synthetic4/TC1_automotive.flex_network_description "" 600.0 2147483647 2137449171 -alpha 0.99 -k 10 -prmv 0.1 -tstart 1 -w 10 > /tmp/tmp-2021-07-3015:43:25-0.10886192321777344
Executing cmd: ruby SA_wrapper.rb testcases/synthetic4/TC1_automotive.flex_network_description "" 600.0 2147483647 2137449171 -alpha 0.99 -k 10 -prmv 0.1 -tstart 1 -w 10 > /tmp/tmp-2021-07-3015:43:25-0.10886192321777344
Result: SAT, -1, -1, 13626, 2137449171
now 2021-07-30 15:53:07 +0200; start 2021-07-30 10:51:58 +0200; time-start 18069.170921679; maxWall 8640000.0
getAlgoResultsForInstsAndParams.
  Trial 1 for calling: ruby SA_wrapper.rb testcases/synthetic4/TC1_automotive.flex_network_description "" 600.0 2147483647 524453158 -alpha 0.99 -k 10 -prmv 0.1 -tstart 1 -w 10 > /tmp/tmp-2021-07-3015:53:07-0.1397554874420166
Executing cmd: ruby SA_wrapper.rb testcases/synthetic4/TC1_automotive.flex_network_description "" 600.0 2147483647 524453158 -alpha 0.99 -k 10 -prmv 0.1 -tstart 1 -w 10 > /tmp/tmp-2021-07-3015:53:07-0.1397554874420166
Result: SAT, -1, -1, 13687, 524453158
now 2021-07-30 16:02:51 +0200; start 2021-07-30 10:51:58 +0200; time-start 18652.618794298; maxWall 8640000.0
getAlgoResultsForInstsAndParams.
  Trial 1 for calling: ruby SA_wrapper.rb testcases/synthetic4/TC1_automotive.flex_network_description "" 600.0 2147483647 1365105717 -alpha 0.99 -k 10 -prmv 0.1 -tstart 1 -w 10 > /tmp/tmp-2021-07-3016:02:51-0.5875968933105469
Executing cmd: ruby SA_wrapper.rb testcases/synthetic4/TC1_automotive.flex_network_description "" 600.0 2147483647 1365105717 -alpha 0.99 -k 10 -prmv 0.1 -tstart 1 -w 10 > /tmp/tmp-2021-07-3016:02:51-0.5875968933105469
Result: SAT, -1, -1, 14280, 1365105717
now 2021-07-30 16:12:34 +0200; start 2021-07-30 10:51:58 +0200; time-start 19235.607379959; maxWall 8640000.0
getAlgoResultsForInstsAndParams.
  Trial 1 for calling: ruby SA_wrapper.rb testcases/synthetic4/TC1_automotive.flex_network_description "" 600.0 2147483647 1880026316 -alpha 0.99 -k 10 -prmv 0.1 -tstart 1 -w 10 > /tmp/tmp-2021-07-3016:12:34-0.654571533203125
Executing cmd: ruby SA_wrapper.rb testcases/synthetic4/TC1_automotive.flex_network_description "" 600.0 2147483647 1880026316 -alpha 0.99 -k 10 -prmv 0.1 -tstart 1 -w 10 > /tmp/tmp-2021-07-3016:12:34-0.654571533203125
Result: SAT, -1, -1, 14299, 1880026316
          -> Take improving step to neighbour alpha=0.99 k=10 prmv=0.1 tstart=1 w=10 (1.0 [based on 5 runs with cutoff 600.0]) with flip 5

          
============= Performing 1 bonus runs of state: alpha=0.99 k=10 prmv=0.1 tstart=1 w=10 (1.0 [based on 5 runs with cutoff 600.0]) ============ 

now 2021-07-30 16:22:16 +0200; start 2021-07-30 10:51:58 +0200; time-start 19818.187867998; maxWall 8640000.0
State wants more detail (5+1) than incumbent (5), doing incumbent first:
alpha=0.99 k=10 prmv=0.1 tstart=1 w=10 (1.0 [based on 5 runs with cutoff 600.0])
alpha=0.999999 k=5 prmv=0.1 tstart=10000 w=5 (1.0 [based on 5 runs with cutoff 600.0])
getAlgoResultsForInstsAndParams.
  Trial 1 for calling: ruby SA_wrapper.rb testcases/synthetic4/TC1_automotive.flex_network_description "" 600.0 2147483647 481516916 -alpha 0.999999 -k 5 -prmv 0.1 -tstart 10000 -w 5 > /tmp/tmp-2021-07-3016:22:16-0.2923874855041504
Executing cmd: ruby SA_wrapper.rb testcases/synthetic4/TC1_automotive.flex_network_description "" 600.0 2147483647 481516916 -alpha 0.999999 -k 5 -prmv 0.1 -tstart 10000 -w 5 > /tmp/tmp-2021-07-3016:22:16-0.2923874855041504
Result: SAT, -1, -1, 15197, 481516916
 Same incumbent, new precision:
New Incumbent: 3.5000000000000018, 1.0 [6, 600.0]. With state alpha=0.999999, k=5, prmv=0.1, tstart=10000, w=5
getAlgoResultsForInstsAndParams.
  Trial 1 for calling: ruby SA_wrapper.rb testcases/synthetic4/TC1_automotive.flex_network_description "" 600.0 2147483647 481516916 -alpha 0.99 -k 10 -prmv 0.1 -tstart 1 -w 10 > /tmp/tmp-2021-07-3016:31:59-0.5141057968139648
Executing cmd: ruby SA_wrapper.rb testcases/synthetic4/TC1_automotive.flex_network_description "" 600.0 2147483647 481516916 -alpha 0.99 -k 10 -prmv 0.1 -tstart 1 -w 10 > /tmp/tmp-2021-07-3016:31:59-0.5141057968139648
Result: SAT, -1, -1, 13660, 481516916
          -> After 1 bonus runs: alpha=0.99 k=10 prmv=0.1 tstart=1 w=10 (1.0 [based on 6 runs with cutoff 600.0])

ParamILS has reached the specified maximum number of 36 function evaluations => stopping the search now.
          
============= Performing 0 bonus runs of state: alpha=0.99 k=10 prmv=0.1 tstart=1 w=10 (1.0 [based on 6 runs with cutoff 600.0]) ============ 

          -> After 0 bonus runs for LM: alpha=0.99 k=10 prmv=0.1 tstart=1 w=10 (1.0 [based on 6 runs with cutoff 600.0])

   LM for iteration 1: alpha=0.99 k=10 prmv=0.1 tstart=1 w=10 (1.0 [based on 6 runs with cutoff 600.0])

========== DETAILED RESULTS (iteration 1): ==========
[["SAT", -1.0, -1, 13665.0, 822569775], ["SAT", -1.0, -1, 13626.0, 2137449171], ["SAT", -1.0, -1, 13687.0, 524453158], ["SAT", -1.0, -1, 14280.0, 1365105717], ["SAT", -1.0, -1, 14299.0, 1880026316], ["SAT", -1.0, -1, 13660.0, 481516916]]
testcases/synthetic4/TC1_automotive.flex_network_description: 1.0		[based on 6 runs]
================================================

==================================================================
Best parameter configuration found so far (end of iteration 1): alpha=0.999999, k=5, prmv=0.1, tstart=10000, w=5
==================================================================
Training quality of this incumbent parameter configuration: 1.0, based on 6 runs with cutoff 600.0
==================================================================

Comparing LM against incumbent:
alpha=0.99 k=10 prmv=0.1 tstart=1 w=10 (1.0 [based on 6 runs with cutoff 600.0])
alpha=0.999999 k=5 prmv=0.1 tstart=10000 w=5 (1.0 [based on 6 runs with cutoff 600.0])
LM better, change incumbent
New Incumbent: 3.600000000000002, 1.0 [6, 600.0]. With state alpha=0.99, k=10, prmv=0.1, tstart=1, w=10
ParamILS has reached the specified maximum number of 36 function evaluations => stopping the search now.
Final solution for depth 1 with limit N=2000, and cutoff time=600.0.
New Incumbent: 3.600000000000002, 1.0 [6, 600.0]. With state alpha=0.99, k=10, prmv=0.1, tstart=1, w=10

==================================================================
ParamILS is finished.
==================================================================

Final best parameter configuration found: alpha=0.99, k=10, prmv=0.1, tstart=1, w=10
==================================================================
Active parameters: alpha=0.99, k=10, prmv=0.1, tstart=1, w=10

==================================================================
Training quality of this final best found parameter configuration: 1.0, based on 6 runs with cutoff 600.0
==================================================================


==================================================================
Computing validation result on independent data -- 10 runs with cutoff time 600.0...
==================================================================
getAlgoResultsForInstsAndParams.
  Trial 1 for calling: ruby SA_wrapper.rb testcases/synthetic4/TC1_automotive.flex_network_description "" 600.0 2147483647 1722738895 -alpha 0.99 -k 10 -prmv 0.1 -tstart 1 -w 10 > /tmp/tmp-2021-07-3016:41:42-0.008707523345947266
Executing cmd: ruby SA_wrapper.rb testcases/synthetic4/TC1_automotive.flex_network_description "" 600.0 2147483647 1722738895 -alpha 0.99 -k 10 -prmv 0.1 -tstart 1 -w 10 > /tmp/tmp-2021-07-3016:41:42-0.008707523345947266
Result: SAT, -1, -1, 14332, 1722738895
  Trial 1 for calling: ruby SA_wrapper.rb testcases/synthetic4/TC1_automotive.flex_network_description "" 600.0 2147483647 1531822380 -alpha 0.99 -k 10 -prmv 0.1 -tstart 1 -w 10 > /tmp/tmp-2021-07-3016:51:25-0.3171415328979492
Executing cmd: ruby SA_wrapper.rb testcases/synthetic4/TC1_automotive.flex_network_description "" 600.0 2147483647 1531822380 -alpha 0.99 -k 10 -prmv 0.1 -tstart 1 -w 10 > /tmp/tmp-2021-07-3016:51:25-0.3171415328979492

------------------------------------------------------------
Sender: LSF System <lsfadmin@hpc.dtu.dk>
Subject: Job 10079913: <nikre_tuning_TC1_automotive> in cluster <dcc> Exited

Job <nikre_tuning_TC1_automotive> was submitted from host <hpclogin1> by user <nikre> in cluster <dcc> at Fri Jul 30 10:51:57 2021
Job was executed on host(s) <n-62-31-23>, in queue <hpc>, as user <nikre> in cluster <dcc> at Fri Jul 30 10:51:57 2021
</zhome/d7/7/125153> was used as the home directory.
</zhome/d7/7/125153/paramILSConfig/TC1_automotive> was used as the working directory.
Started at Fri Jul 30 10:51:57 2021
Terminated at Fri Jul 30 16:52:12 2021
Results reported at Fri Jul 30 16:52:12 2021

Your job looked like:

------------------------------------------------------------
# LSBATCH: User input
#!/bin/sh
### General options
### -- specify queue --
###BSUB -q compute
### -- set the job Name --
#BSUB -J nikre_tuning_TC1_automotive
### -- ask for number of cores (default: 1) --
#BSUB -n 1
### -- specify that the cores must be on the same host --
#BSUB -R "span[hosts=1]"
### -- specify that we need 2GB of memory per core/slot --
#BSUB -R "rusage[mem=16GB] select[avx2]"
### -- specify that we want the job to get killed if it exceeds 3 GB per core/slot --
#BSUB -M 32GB
### -- set walltime limit: hh:mm --
#BSUB -W 6:00
### -- set the email address --
# please uncomment the following line and put in your e-mail address,
# if you want to receive e-mail notifications on a non-default address
##BSUB -u your_email_address
### -- send notification at start --
###BSUB -B
### -- send notification at completion --
###BSUB -N
### -- Specify the output and error file. %J is the job-id --
### -- -o and -e mean append, -oo and -eo mean overwrite --
#BSUB -oo out_tune%J.out
#BSUB -eo out_tune%J.err

module load python3/3.9.5
bash tune.sh placeholder_argument

------------------------------------------------------------

TERM_RUNLIMIT: job killed after reaching LSF run time limit.
Exited with exit code 140.

Resource usage summary:

    CPU time :                                   21508.00 sec.
    Max Memory :                                 86 MB
    Average Memory :                             84.39 MB
    Total Requested Memory :                     16384.00 MB
    Delta Memory :                               16298.00 MB
    Max Swap :                                   -
    Max Processes :                              9
    Max Threads :                                13
    Run time :                                   21615 sec.
    Turnaround time :                            21615 sec.

The output (if any) is above this job summary.



PS:

Read file <out_tune10079913.err> for stderr output of this job.

