max wall time = 8640000
/zhome/d7/7/125153/paramILSConfig/tiny1/params.txt
5 parameters in total
0 parameters are conditional.
0 parameter combinations are forbidden.
num_params = 5, num_combos=1125
seed: 1234
Run 1
Level 
========================================================
Starting ILS for level 1, i.e. a limit of N=2000, and cutoff time=600.0.
Current CPU time = 0, this run goes until 92000.0 
========================================================
New Incumbent: 0, 100000000 [0, 0]. With state alpha=0.999999, k=5, prmv=0.1, tstart=10000, w=5
getAlgoResultsForInstsAndParams.
  Trial 1 for calling: ruby SA_wrapper.rb testcases/synthetic4/tiny1.flex_network_description "" 600.0 2147483647 822569775 -alpha 0.999999 -k 5 -prmv 0.1 -tstart 10000 -w 5 > /tmp/tmp-2021-07-2815:41:41-0.8279983997344971
Executing cmd: ruby SA_wrapper.rb testcases/synthetic4/tiny1.flex_network_description "" 600.0 2147483647 822569775 -alpha 0.999999 -k 5 -prmv 0.1 -tstart 10000 -w 5 > /tmp/tmp-2021-07-2815:41:41-0.8279983997344971
Result: SAT, -1, -1, 1708, 822569775
 Same incumbent, new precision:
New Incumbent: 0.1, 1.0 [1, 600.0]. With state alpha=0.999999, k=5, prmv=0.1, tstart=10000, w=5
now 2021-07-28 15:51:26 +0200; start 2021-07-28 15:41:41 +0200; time-start 585.21397264; maxWall 8640000.0
getAlgoResultsForInstsAndParams.
  Trial 1 for calling: ruby SA_wrapper.rb testcases/synthetic4/tiny1.flex_network_description "" 600.0 2147483647 822569775 -alpha 0.9 -k 30 -prmv 0.9 -tstart 10000 -w 10 > /tmp/tmp-2021-07-2815:51:26-0.6890840530395508
Executing cmd: ruby SA_wrapper.rb testcases/synthetic4/tiny1.flex_network_description "" 600.0 2147483647 822569775 -alpha 0.9 -k 30 -prmv 0.9 -tstart 10000 -w 10 > /tmp/tmp-2021-07-2815:51:26-0.6890840530395508
Result: SAT, -1, -1, 1708, 822569775
          -> Take improving step to random alpha=0.9 k=30 prmv=0.9 tstart=10000 w=10 (1.0 [based on 1 runs with cutoff 600.0])

now 2021-07-28 16:01:08 +0200; start 2021-07-28 15:41:41 +0200; time-start 1167.365238232; maxWall 8640000.0
getAlgoResultsForInstsAndParams.
  Trial 1 for calling: ruby SA_wrapper.rb testcases/synthetic4/tiny1.flex_network_description "" 600.0 2147483647 822569775 -alpha 0.9999 -k 10 -prmv 0.5 -tstart 1 -w 1000 > /tmp/tmp-2021-07-2816:01:08-0.09770774841308594
Executing cmd: ruby SA_wrapper.rb testcases/synthetic4/tiny1.flex_network_description "" 600.0 2147483647 822569775 -alpha 0.9999 -k 10 -prmv 0.5 -tstart 1 -w 1000 > /tmp/tmp-2021-07-2816:01:08-0.09770774841308594
Result: SAT, -1, -1, 1708, 822569775
          -> Take improving step to random alpha=0.9999 k=10 prmv=0.5 tstart=1 w=1000 (1.0 [based on 1 runs with cutoff 600.0])

now 2021-07-28 16:10:50 +0200; start 2021-07-28 15:41:41 +0200; time-start 1749.490227756; maxWall 8640000.0
getAlgoResultsForInstsAndParams.
  Trial 1 for calling: ruby SA_wrapper.rb testcases/synthetic4/tiny1.flex_network_description "" 600.0 2147483647 822569775 -alpha 0.8 -k 30 -prmv 0.5 -tstart 1 -w 1000 > /tmp/tmp-2021-07-2816:10:50-0.8044012784957886
Executing cmd: ruby SA_wrapper.rb testcases/synthetic4/tiny1.flex_network_description "" 600.0 2147483647 822569775 -alpha 0.8 -k 30 -prmv 0.5 -tstart 1 -w 1000 > /tmp/tmp-2021-07-2816:10:50-0.8044012784957886
Result: SAT, -1, -1, 1708, 822569775
          -> Take improving step to random alpha=0.8 k=30 prmv=0.5 tstart=1 w=1000 (1.0 [based on 1 runs with cutoff 600.0])

now 2021-07-28 16:20:33 +0200; start 2021-07-28 15:41:41 +0200; time-start 2331.611619917; maxWall 8640000.0
getAlgoResultsForInstsAndParams.
  Trial 1 for calling: ruby SA_wrapper.rb testcases/synthetic4/tiny1.flex_network_description "" 600.0 2147483647 822569775 -alpha 0.999999 -k 5 -prmv 0.9 -tstart 10 -w 5 > /tmp/tmp-2021-07-2816:20:33-0.149871826171875
Executing cmd: ruby SA_wrapper.rb testcases/synthetic4/tiny1.flex_network_description "" 600.0 2147483647 822569775 -alpha 0.999999 -k 5 -prmv 0.9 -tstart 10 -w 5 > /tmp/tmp-2021-07-2816:20:33-0.149871826171875
Result: SAT, -1, -1, 1708, 822569775
          -> Take improving step to random alpha=0.999999 k=5 prmv=0.9 tstart=10 w=5 (1.0 [based on 1 runs with cutoff 600.0])

now 2021-07-28 16:30:15 +0200; start 2021-07-28 15:41:41 +0200; time-start 2913.732036056; maxWall 8640000.0
getAlgoResultsForInstsAndParams.
  Trial 1 for calling: ruby SA_wrapper.rb testcases/synthetic4/tiny1.flex_network_description "" 600.0 2147483647 822569775 -alpha 0.9999 -k 15 -prmv 0.1 -tstart 10000 -w 10 > /tmp/tmp-2021-07-2816:30:15-0.8167476654052734
Executing cmd: ruby SA_wrapper.rb testcases/synthetic4/tiny1.flex_network_description "" 600.0 2147483647 822569775 -alpha 0.9999 -k 15 -prmv 0.1 -tstart 10000 -w 10 > /tmp/tmp-2021-07-2816:30:15-0.8167476654052734
Result: SAT, -1, -1, 1708, 822569775
          -> Take improving step to random alpha=0.9999 k=15 prmv=0.1 tstart=10000 w=10 (1.0 [based on 1 runs with cutoff 600.0])

now 2021-07-28 16:39:57 +0200; start 2021-07-28 15:41:41 +0200; time-start 3495.921188226; maxWall 8640000.0
getAlgoResultsForInstsAndParams.
  Trial 1 for calling: ruby SA_wrapper.rb testcases/synthetic4/tiny1.flex_network_description "" 600.0 2147483647 822569775 -alpha 0.99 -k 15 -prmv 0.7 -tstart 10000 -w 10 > /tmp/tmp-2021-07-2816:39:57-0.9661993980407715
Executing cmd: ruby SA_wrapper.rb testcases/synthetic4/tiny1.flex_network_description "" 600.0 2147483647 822569775 -alpha 0.99 -k 15 -prmv 0.7 -tstart 10000 -w 10 > /tmp/tmp-2021-07-2816:39:57-0.9661993980407715
Result: SAT, -1, -1, 1708, 822569775
          -> Take improving step to random alpha=0.99 k=15 prmv=0.7 tstart=10000 w=10 (1.0 [based on 1 runs with cutoff 600.0])

now 2021-07-28 16:49:39 +0200; start 2021-07-28 15:41:41 +0200; time-start 4078.040337051; maxWall 8640000.0
getAlgoResultsForInstsAndParams.
  Trial 1 for calling: ruby SA_wrapper.rb testcases/synthetic4/tiny1.flex_network_description "" 600.0 2147483647 822569775 -alpha 0.9 -k 5 -prmv 0.7 -tstart 1 -w 5 > /tmp/tmp-2021-07-2816:49:39-0.2522623538970947
Executing cmd: ruby SA_wrapper.rb testcases/synthetic4/tiny1.flex_network_description "" 600.0 2147483647 822569775 -alpha 0.9 -k 5 -prmv 0.7 -tstart 1 -w 5 > /tmp/tmp-2021-07-2816:49:39-0.2522623538970947
Result: SAT, -1, -1, 1708, 822569775
          -> Take improving step to random alpha=0.9 k=5 prmv=0.7 tstart=1 w=5 (1.0 [based on 1 runs with cutoff 600.0])

now 2021-07-28 16:59:21 +0200; start 2021-07-28 15:41:41 +0200; time-start 4660.181752873; maxWall 8640000.0
getAlgoResultsForInstsAndParams.
  Trial 1 for calling: ruby SA_wrapper.rb testcases/synthetic4/tiny1.flex_network_description "" 600.0 2147483647 822569775 -alpha 0.9999 -k 20 -prmv 0.7 -tstart 1 -w 10 > /tmp/tmp-2021-07-2816:59:21-0.7818453311920166
Executing cmd: ruby SA_wrapper.rb testcases/synthetic4/tiny1.flex_network_description "" 600.0 2147483647 822569775 -alpha 0.9999 -k 20 -prmv 0.7 -tstart 1 -w 10 > /tmp/tmp-2021-07-2816:59:21-0.7818453311920166
Result: SAT, -1, -1, 1708, 822569775
          -> Take improving step to random alpha=0.9999 k=20 prmv=0.7 tstart=1 w=10 (1.0 [based on 1 runs with cutoff 600.0])

now 2021-07-28 17:09:03 +0200; start 2021-07-28 15:41:41 +0200; time-start 5242.29558589; maxWall 8640000.0
getAlgoResultsForInstsAndParams.
  Trial 1 for calling: ruby SA_wrapper.rb testcases/synthetic4/tiny1.flex_network_description "" 600.0 2147483647 822569775 -alpha 0.9 -k 30 -prmv 0.5 -tstart 1 -w 5 > /tmp/tmp-2021-07-2817:09:03-0.7497963905334473
Executing cmd: ruby SA_wrapper.rb testcases/synthetic4/tiny1.flex_network_description "" 600.0 2147483647 822569775 -alpha 0.9 -k 30 -prmv 0.5 -tstart 1 -w 5 > /tmp/tmp-2021-07-2817:09:03-0.7497963905334473
Result: SAT, -1, -1, 1708, 822569775
          -> Take improving step to random alpha=0.9 k=30 prmv=0.5 tstart=1 w=5 (1.0 [based on 1 runs with cutoff 600.0])

now 2021-07-28 17:18:45 +0200; start 2021-07-28 15:41:41 +0200; time-start 5824.44283708; maxWall 8640000.0
getAlgoResultsForInstsAndParams.
  Trial 1 for calling: ruby SA_wrapper.rb testcases/synthetic4/tiny1.flex_network_description "" 600.0 2147483647 822569775 -alpha 0.9999 -k 30 -prmv 0.1 -tstart 10000 -w 10 > /tmp/tmp-2021-07-2817:18:45-0.1870718002319336
Executing cmd: ruby SA_wrapper.rb testcases/synthetic4/tiny1.flex_network_description "" 600.0 2147483647 822569775 -alpha 0.9999 -k 30 -prmv 0.1 -tstart 10000 -w 10 > /tmp/tmp-2021-07-2817:18:45-0.1870718002319336
Result: SAT, -1, -1, 1708, 822569775
          -> Take improving step to random alpha=0.9999 k=30 prmv=0.1 tstart=10000 w=10 (1.0 [based on 1 runs with cutoff 600.0])

   BLS in iteration 1, start with alpha=0.9999 k=30 prmv=0.1 tstart=10000 w=10 (1.0 [based on 1 runs with cutoff 600.0])
now 2021-07-28 17:28:28 +0200; start 2021-07-28 15:41:41 +0200; time-start 6406.578755558; maxWall 8640000.0
now 2021-07-28 17:28:28 +0200; start 2021-07-28 15:41:41 +0200; time-start 6406.578887172; maxWall 8640000.0
    Changing ["tstart: 10000->1"], evaluating ...
getAlgoResultsForInstsAndParams.
  Trial 1 for calling: ruby SA_wrapper.rb testcases/synthetic4/tiny1.flex_network_description "" 600.0 2147483647 822569775 -alpha 0.9999 -k 30 -prmv 0.1 -tstart 1 -w 10 > /tmp/tmp-2021-07-2817:28:28-0.31595420837402344
Executing cmd: ruby SA_wrapper.rb testcases/synthetic4/tiny1.flex_network_description "" 600.0 2147483647 822569775 -alpha 0.9999 -k 30 -prmv 0.1 -tstart 1 -w 10 > /tmp/tmp-2021-07-2817:28:28-0.31595420837402344
Result: SAT, -1, -1, 1708, 822569775
          -> Take improving step to neighbour alpha=0.9999 k=30 prmv=0.1 tstart=1 w=10 (1.0 [based on 1 runs with cutoff 600.0]) with flip 1

          
============= Performing 1 bonus runs of state: alpha=0.9999 k=30 prmv=0.1 tstart=1 w=10 (1.0 [based on 1 runs with cutoff 600.0]) ============ 

now 2021-07-28 17:38:10 +0200; start 2021-07-28 15:41:41 +0200; time-start 6988.698301719; maxWall 8640000.0
State wants more detail (1+1) than incumbent (1), doing incumbent first:
alpha=0.9999 k=30 prmv=0.1 tstart=1 w=10 (1.0 [based on 1 runs with cutoff 600.0])
alpha=0.999999 k=5 prmv=0.1 tstart=10000 w=5 (1.0 [based on 1 runs with cutoff 600.0])
getAlgoResultsForInstsAndParams.
  Trial 1 for calling: ruby SA_wrapper.rb testcases/synthetic4/tiny1.flex_network_description "" 600.0 2147483647 2137449171 -alpha 0.999999 -k 5 -prmv 0.1 -tstart 10000 -w 5 > /tmp/tmp-2021-07-2817:38:10-0.896148681640625
Executing cmd: ruby SA_wrapper.rb testcases/synthetic4/tiny1.flex_network_description "" 600.0 2147483647 2137449171 -alpha 0.999999 -k 5 -prmv 0.1 -tstart 10000 -w 5 > /tmp/tmp-2021-07-2817:38:10-0.896148681640625
Result: SAT, -1, -1, 1708, 2137449171
 Same incumbent, new precision:
New Incumbent: 1.3, 1.0 [2, 600.0]. With state alpha=0.999999, k=5, prmv=0.1, tstart=10000, w=5
getAlgoResultsForInstsAndParams.
  Trial 1 for calling: ruby SA_wrapper.rb testcases/synthetic4/tiny1.flex_network_description "" 600.0 2147483647 2137449171 -alpha 0.9999 -k 30 -prmv 0.1 -tstart 1 -w 10 > /tmp/tmp-2021-07-2817:47:52-0.47360992431640625
Executing cmd: ruby SA_wrapper.rb testcases/synthetic4/tiny1.flex_network_description "" 600.0 2147483647 2137449171 -alpha 0.9999 -k 30 -prmv 0.1 -tstart 1 -w 10 > /tmp/tmp-2021-07-2817:47:52-0.47360992431640625
Result: SAT, -1, -1, 1708, 2137449171
          -> After 1 bonus runs: alpha=0.9999 k=30 prmv=0.1 tstart=1 w=10 (1.0 [based on 2 runs with cutoff 600.0])

now 2021-07-28 17:57:34 +0200; start 2021-07-28 15:41:41 +0200; time-start 8152.978306072; maxWall 8640000.0
now 2021-07-28 17:57:34 +0200; start 2021-07-28 15:41:41 +0200; time-start 8152.978401089; maxWall 8640000.0
    Changing ["alpha: 0.9999->0.99"], evaluating ...
getAlgoResultsForInstsAndParams.
  Trial 1 for calling: ruby SA_wrapper.rb testcases/synthetic4/tiny1.flex_network_description "" 600.0 2147483647 822569775 -alpha 0.99 -k 30 -prmv 0.1 -tstart 1 -w 10 > /tmp/tmp-2021-07-2817:57:34-0.5794095993041992
Executing cmd: ruby SA_wrapper.rb testcases/synthetic4/tiny1.flex_network_description "" 600.0 2147483647 822569775 -alpha 0.99 -k 30 -prmv 0.1 -tstart 1 -w 10 > /tmp/tmp-2021-07-2817:57:34-0.5794095993041992
Result: SAT, -1, -1, 1708, 822569775
now 2021-07-28 18:07:16 +0200; start 2021-07-28 15:41:41 +0200; time-start 8735.115043308; maxWall 8640000.0
getAlgoResultsForInstsAndParams.
  Trial 1 for calling: ruby SA_wrapper.rb testcases/synthetic4/tiny1.flex_network_description "" 600.0 2147483647 2137449171 -alpha 0.99 -k 30 -prmv 0.1 -tstart 1 -w 10 > /tmp/tmp-2021-07-2818:07:16-0.8449733257293701
Executing cmd: ruby SA_wrapper.rb testcases/synthetic4/tiny1.flex_network_description "" 600.0 2147483647 2137449171 -alpha 0.99 -k 30 -prmv 0.1 -tstart 1 -w 10 > /tmp/tmp-2021-07-2818:07:16-0.8449733257293701
Result: SAT, -1, -1, 1708, 2137449171
          -> Take improving step to neighbour alpha=0.99 k=30 prmv=0.1 tstart=1 w=10 (1.0 [based on 2 runs with cutoff 600.0]) with flip 2

          
============= Performing 1 bonus runs of state: alpha=0.99 k=30 prmv=0.1 tstart=1 w=10 (1.0 [based on 2 runs with cutoff 600.0]) ============ 

now 2021-07-28 18:16:58 +0200; start 2021-07-28 15:41:41 +0200; time-start 9317.263907071; maxWall 8640000.0
State wants more detail (2+1) than incumbent (2), doing incumbent first:
alpha=0.99 k=30 prmv=0.1 tstart=1 w=10 (1.0 [based on 2 runs with cutoff 600.0])
alpha=0.999999 k=5 prmv=0.1 tstart=10000 w=5 (1.0 [based on 2 runs with cutoff 600.0])
getAlgoResultsForInstsAndParams.
  Trial 1 for calling: ruby SA_wrapper.rb testcases/synthetic4/tiny1.flex_network_description "" 600.0 2147483647 524453158 -alpha 0.999999 -k 5 -prmv 0.1 -tstart 10000 -w 5 > /tmp/tmp-2021-07-2818:16:58-0.4258301258087158
Executing cmd: ruby SA_wrapper.rb testcases/synthetic4/tiny1.flex_network_description "" 600.0 2147483647 524453158 -alpha 0.999999 -k 5 -prmv 0.1 -tstart 10000 -w 5 > /tmp/tmp-2021-07-2818:16:58-0.4258301258087158
Result: SAT, -1, -1, 1708, 524453158
 Same incumbent, new precision:
New Incumbent: 1.7000000000000004, 1.0 [3, 600.0]. With state alpha=0.999999, k=5, prmv=0.1, tstart=10000, w=5
getAlgoResultsForInstsAndParams.
  Trial 1 for calling: ruby SA_wrapper.rb testcases/synthetic4/tiny1.flex_network_description "" 600.0 2147483647 524453158 -alpha 0.99 -k 30 -prmv 0.1 -tstart 1 -w 10 > /tmp/tmp-2021-07-2818:26:40-0.6520330905914307
Executing cmd: ruby SA_wrapper.rb testcases/synthetic4/tiny1.flex_network_description "" 600.0 2147483647 524453158 -alpha 0.99 -k 30 -prmv 0.1 -tstart 1 -w 10 > /tmp/tmp-2021-07-2818:26:40-0.6520330905914307
Result: SAT, -1, -1, 1708, 524453158
          -> After 1 bonus runs: alpha=0.99 k=30 prmv=0.1 tstart=1 w=10 (1.0 [based on 3 runs with cutoff 600.0])

now 2021-07-28 18:36:23 +0200; start 2021-07-28 15:41:41 +0200; time-start 10481.596357591; maxWall 8640000.0
now 2021-07-28 18:36:23 +0200; start 2021-07-28 15:41:41 +0200; time-start 10481.596460121; maxWall 8640000.0
    Changing ["w: 10->1000"], evaluating ...
getAlgoResultsForInstsAndParams.
  Trial 1 for calling: ruby SA_wrapper.rb testcases/synthetic4/tiny1.flex_network_description "" 600.0 2147483647 822569775 -alpha 0.99 -k 30 -prmv 0.1 -tstart 1 -w 1000 > /tmp/tmp-2021-07-2818:36:23-0.6016330718994141
Executing cmd: ruby SA_wrapper.rb testcases/synthetic4/tiny1.flex_network_description "" 600.0 2147483647 822569775 -alpha 0.99 -k 30 -prmv 0.1 -tstart 1 -w 1000 > /tmp/tmp-2021-07-2818:36:23-0.6016330718994141
Result: SAT, -1, -1, 1708, 822569775
now 2021-07-28 18:46:05 +0200; start 2021-07-28 15:41:41 +0200; time-start 11063.744328336; maxWall 8640000.0
getAlgoResultsForInstsAndParams.
  Trial 1 for calling: ruby SA_wrapper.rb testcases/synthetic4/tiny1.flex_network_description "" 600.0 2147483647 2137449171 -alpha 0.99 -k 30 -prmv 0.1 -tstart 1 -w 1000 > /tmp/tmp-2021-07-2818:46:05-0.07931804656982422
Executing cmd: ruby SA_wrapper.rb testcases/synthetic4/tiny1.flex_network_description "" 600.0 2147483647 2137449171 -alpha 0.99 -k 30 -prmv 0.1 -tstart 1 -w 1000 > /tmp/tmp-2021-07-2818:46:05-0.07931804656982422
Result: SAT, -1, -1, 1708, 2137449171
now 2021-07-28 18:55:47 +0200; start 2021-07-28 15:41:41 +0200; time-start 11645.87284501; maxWall 8640000.0
getAlgoResultsForInstsAndParams.
  Trial 1 for calling: ruby SA_wrapper.rb testcases/synthetic4/tiny1.flex_network_description "" 600.0 2147483647 524453158 -alpha 0.99 -k 30 -prmv 0.1 -tstart 1 -w 1000 > /tmp/tmp-2021-07-2818:55:47-0.706017017364502
Executing cmd: ruby SA_wrapper.rb testcases/synthetic4/tiny1.flex_network_description "" 600.0 2147483647 524453158 -alpha 0.99 -k 30 -prmv 0.1 -tstart 1 -w 1000 > /tmp/tmp-2021-07-2818:55:47-0.706017017364502
Result: SAT, -1, -1, 1708, 524453158
          -> Take improving step to neighbour alpha=0.99 k=30 prmv=0.1 tstart=1 w=1000 (1.0 [based on 3 runs with cutoff 600.0]) with flip 3

          
============= Performing 1 bonus runs of state: alpha=0.99 k=30 prmv=0.1 tstart=1 w=1000 (1.0 [based on 3 runs with cutoff 600.0]) ============ 

now 2021-07-28 19:05:29 +0200; start 2021-07-28 15:41:41 +0200; time-start 12228.026411435; maxWall 8640000.0
State wants more detail (3+1) than incumbent (3), doing incumbent first:
alpha=0.99 k=30 prmv=0.1 tstart=1 w=1000 (1.0 [based on 3 runs with cutoff 600.0])
alpha=0.999999 k=5 prmv=0.1 tstart=10000 w=5 (1.0 [based on 3 runs with cutoff 600.0])
getAlgoResultsForInstsAndParams.
  Trial 1 for calling: ruby SA_wrapper.rb testcases/synthetic4/tiny1.flex_network_description "" 600.0 2147483647 1365105717 -alpha 0.999999 -k 5 -prmv 0.1 -tstart 10000 -w 5 > /tmp/tmp-2021-07-2819:05:29-0.28748464584350586
Executing cmd: ruby SA_wrapper.rb testcases/synthetic4/tiny1.flex_network_description "" 600.0 2147483647 1365105717 -alpha 0.999999 -k 5 -prmv 0.1 -tstart 10000 -w 5 > /tmp/tmp-2021-07-2819:05:29-0.28748464584350586
Result: SAT, -1, -1, 1708, 1365105717
 Same incumbent, new precision:
New Incumbent: 2.2000000000000006, 1.0 [4, 600.0]. With state alpha=0.999999, k=5, prmv=0.1, tstart=10000, w=5
getAlgoResultsForInstsAndParams.
  Trial 1 for calling: ruby SA_wrapper.rb testcases/synthetic4/tiny1.flex_network_description "" 600.0 2147483647 1365105717 -alpha 0.99 -k 30 -prmv 0.1 -tstart 1 -w 1000 > /tmp/tmp-2021-07-2819:15:11-0.7024369239807129
Executing cmd: ruby SA_wrapper.rb testcases/synthetic4/tiny1.flex_network_description "" 600.0 2147483647 1365105717 -alpha 0.99 -k 30 -prmv 0.1 -tstart 1 -w 1000 > /tmp/tmp-2021-07-2819:15:11-0.7024369239807129
Result: SAT, -1, -1, 1708, 1365105717
          -> After 1 bonus runs: alpha=0.99 k=30 prmv=0.1 tstart=1 w=1000 (1.0 [based on 4 runs with cutoff 600.0])

now 2021-07-28 19:24:53 +0200; start 2021-07-28 15:41:41 +0200; time-start 13392.350309259; maxWall 8640000.0
now 2021-07-28 19:24:53 +0200; start 2021-07-28 15:41:41 +0200; time-start 13392.350417313; maxWall 8640000.0
    Changing ["k: 30->10"], evaluating ...
getAlgoResultsForInstsAndParams.
  Trial 1 for calling: ruby SA_wrapper.rb testcases/synthetic4/tiny1.flex_network_description "" 600.0 2147483647 822569775 -alpha 0.99 -k 10 -prmv 0.1 -tstart 1 -w 1000 > /tmp/tmp-2021-07-2819:24:53-0.8245320320129395
Executing cmd: ruby SA_wrapper.rb testcases/synthetic4/tiny1.flex_network_description "" 600.0 2147483647 822569775 -alpha 0.99 -k 10 -prmv 0.1 -tstart 1 -w 1000 > /tmp/tmp-2021-07-2819:24:53-0.8245320320129395
Result: SAT, -1, -1, 1708, 822569775
now 2021-07-28 19:34:35 +0200; start 2021-07-28 15:41:41 +0200; time-start 13974.505550973; maxWall 8640000.0
getAlgoResultsForInstsAndParams.
  Trial 1 for calling: ruby SA_wrapper.rb testcases/synthetic4/tiny1.flex_network_description "" 600.0 2147483647 2137449171 -alpha 0.99 -k 10 -prmv 0.1 -tstart 1 -w 1000 > /tmp/tmp-2021-07-2819:34:35-0.2678440809249878
Executing cmd: ruby SA_wrapper.rb testcases/synthetic4/tiny1.flex_network_description "" 600.0 2147483647 2137449171 -alpha 0.99 -k 10 -prmv 0.1 -tstart 1 -w 1000 > /tmp/tmp-2021-07-2819:34:35-0.2678440809249878
Result: SAT, -1, -1, 1708, 2137449171
now 2021-07-28 19:44:18 +0200; start 2021-07-28 15:41:41 +0200; time-start 14556.676705583; maxWall 8640000.0
getAlgoResultsForInstsAndParams.
  Trial 1 for calling: ruby SA_wrapper.rb testcases/synthetic4/tiny1.flex_network_description "" 600.0 2147483647 524453158 -alpha 0.99 -k 10 -prmv 0.1 -tstart 1 -w 1000 > /tmp/tmp-2021-07-2819:44:18-0.8209800720214844
Executing cmd: ruby SA_wrapper.rb testcases/synthetic4/tiny1.flex_network_description "" 600.0 2147483647 524453158 -alpha 0.99 -k 10 -prmv 0.1 -tstart 1 -w 1000 > /tmp/tmp-2021-07-2819:44:18-0.8209800720214844
Result: SAT, -1, -1, 1708, 524453158
now 2021-07-28 19:54:00 +0200; start 2021-07-28 15:41:41 +0200; time-start 15138.825014314; maxWall 8640000.0
getAlgoResultsForInstsAndParams.
  Trial 1 for calling: ruby SA_wrapper.rb testcases/synthetic4/tiny1.flex_network_description "" 600.0 2147483647 1365105717 -alpha 0.99 -k 10 -prmv 0.1 -tstart 1 -w 1000 > /tmp/tmp-2021-07-2819:54:00-0.8248939514160156
Executing cmd: ruby SA_wrapper.rb testcases/synthetic4/tiny1.flex_network_description "" 600.0 2147483647 1365105717 -alpha 0.99 -k 10 -prmv 0.1 -tstart 1 -w 1000 > /tmp/tmp-2021-07-2819:54:00-0.8248939514160156
Result: SAT, -1, -1, 1708, 1365105717
          -> Take improving step to neighbour alpha=0.99 k=10 prmv=0.1 tstart=1 w=1000 (1.0 [based on 4 runs with cutoff 600.0]) with flip 4

          
============= Performing 1 bonus runs of state: alpha=0.99 k=10 prmv=0.1 tstart=1 w=1000 (1.0 [based on 4 runs with cutoff 600.0]) ============ 

now 2021-07-28 20:03:42 +0200; start 2021-07-28 15:41:41 +0200; time-start 15720.992363307; maxWall 8640000.0
State wants more detail (4+1) than incumbent (4), doing incumbent first:
alpha=0.99 k=10 prmv=0.1 tstart=1 w=1000 (1.0 [based on 4 runs with cutoff 600.0])
alpha=0.999999 k=5 prmv=0.1 tstart=10000 w=5 (1.0 [based on 4 runs with cutoff 600.0])
getAlgoResultsForInstsAndParams.
  Trial 1 for calling: ruby SA_wrapper.rb testcases/synthetic4/tiny1.flex_network_description "" 600.0 2147483647 1880026316 -alpha 0.999999 -k 5 -prmv 0.1 -tstart 10000 -w 5 > /tmp/tmp-2021-07-2820:03:42-0.5494766235351562
Executing cmd: ruby SA_wrapper.rb testcases/synthetic4/tiny1.flex_network_description "" 600.0 2147483647 1880026316 -alpha 0.999999 -k 5 -prmv 0.1 -tstart 10000 -w 5 > /tmp/tmp-2021-07-2820:03:42-0.5494766235351562
Result: SAT, -1, -1, 1708, 1880026316
 Same incumbent, new precision:
New Incumbent: 2.800000000000001, 1.0 [5, 600.0]. With state alpha=0.999999, k=5, prmv=0.1, tstart=10000, w=5
getAlgoResultsForInstsAndParams.
  Trial 1 for calling: ruby SA_wrapper.rb testcases/synthetic4/tiny1.flex_network_description "" 600.0 2147483647 1880026316 -alpha 0.99 -k 10 -prmv 0.1 -tstart 1 -w 1000 > /tmp/tmp-2021-07-2820:13:24-0.9101107120513916
Executing cmd: ruby SA_wrapper.rb testcases/synthetic4/tiny1.flex_network_description "" 600.0 2147483647 1880026316 -alpha 0.99 -k 10 -prmv 0.1 -tstart 1 -w 1000 > /tmp/tmp-2021-07-2820:13:24-0.9101107120513916
Result: SAT, -1, -1, 1708, 1880026316
          -> After 1 bonus runs: alpha=0.99 k=10 prmv=0.1 tstart=1 w=1000 (1.0 [based on 5 runs with cutoff 600.0])

now 2021-07-28 20:23:06 +0200; start 2021-07-28 15:41:41 +0200; time-start 16885.384724725; maxWall 8640000.0
now 2021-07-28 20:23:06 +0200; start 2021-07-28 15:41:41 +0200; time-start 16885.384840044; maxWall 8640000.0
    Changing ["w: 1000->10"], evaluating ...
getAlgoResultsForInstsAndParams.
  Trial 1 for calling: ruby SA_wrapper.rb testcases/synthetic4/tiny1.flex_network_description "" 600.0 2147483647 822569775 -alpha 0.99 -k 10 -prmv 0.1 -tstart 1 -w 10 > /tmp/tmp-2021-07-2820:23:06-0.2872326374053955
Executing cmd: ruby SA_wrapper.rb testcases/synthetic4/tiny1.flex_network_description "" 600.0 2147483647 822569775 -alpha 0.99 -k 10 -prmv 0.1 -tstart 1 -w 10 > /tmp/tmp-2021-07-2820:23:06-0.2872326374053955
Result: SAT, -1, -1, 1708, 822569775
now 2021-07-28 20:32:49 +0200; start 2021-07-28 15:41:41 +0200; time-start 17467.597268609; maxWall 8640000.0
getAlgoResultsForInstsAndParams.
  Trial 1 for calling: ruby SA_wrapper.rb testcases/synthetic4/tiny1.flex_network_description "" 600.0 2147483647 2137449171 -alpha 0.99 -k 10 -prmv 0.1 -tstart 1 -w 10 > /tmp/tmp-2021-07-2820:32:49-0.5342388153076172
Executing cmd: ruby SA_wrapper.rb testcases/synthetic4/tiny1.flex_network_description "" 600.0 2147483647 2137449171 -alpha 0.99 -k 10 -prmv 0.1 -tstart 1 -w 10 > /tmp/tmp-2021-07-2820:32:49-0.5342388153076172
Result: SAT, -1, -1, 1708, 2137449171
now 2021-07-28 20:42:31 +0200; start 2021-07-28 15:41:41 +0200; time-start 18049.756230016; maxWall 8640000.0
getAlgoResultsForInstsAndParams.
  Trial 1 for calling: ruby SA_wrapper.rb testcases/synthetic4/tiny1.flex_network_description "" 600.0 2147483647 524453158 -alpha 0.99 -k 10 -prmv 0.1 -tstart 1 -w 10 > /tmp/tmp-2021-07-2820:42:31-0.5923442840576172
Executing cmd: ruby SA_wrapper.rb testcases/synthetic4/tiny1.flex_network_description "" 600.0 2147483647 524453158 -alpha 0.99 -k 10 -prmv 0.1 -tstart 1 -w 10 > /tmp/tmp-2021-07-2820:42:31-0.5923442840576172
Result: SAT, -1, -1, 1708, 524453158
now 2021-07-28 20:52:13 +0200; start 2021-07-28 15:41:41 +0200; time-start 18631.954294755; maxWall 8640000.0
getAlgoResultsForInstsAndParams.
  Trial 1 for calling: ruby SA_wrapper.rb testcases/synthetic4/tiny1.flex_network_description "" 600.0 2147483647 1365105717 -alpha 0.99 -k 10 -prmv 0.1 -tstart 1 -w 10 > /tmp/tmp-2021-07-2820:52:13-0.6951496601104736
Executing cmd: ruby SA_wrapper.rb testcases/synthetic4/tiny1.flex_network_description "" 600.0 2147483647 1365105717 -alpha 0.99 -k 10 -prmv 0.1 -tstart 1 -w 10 > /tmp/tmp-2021-07-2820:52:13-0.6951496601104736
Result: SAT, -1, -1, 1708, 1365105717
now 2021-07-28 21:01:55 +0200; start 2021-07-28 15:41:41 +0200; time-start 19214.131633594; maxWall 8640000.0
getAlgoResultsForInstsAndParams.
  Trial 1 for calling: ruby SA_wrapper.rb testcases/synthetic4/tiny1.flex_network_description "" 600.0 2147483647 1880026316 -alpha 0.99 -k 10 -prmv 0.1 -tstart 1 -w 10 > /tmp/tmp-2021-07-2821:01:55-0.06885933876037598
Executing cmd: ruby SA_wrapper.rb testcases/synthetic4/tiny1.flex_network_description "" 600.0 2147483647 1880026316 -alpha 0.99 -k 10 -prmv 0.1 -tstart 1 -w 10 > /tmp/tmp-2021-07-2821:01:55-0.06885933876037598
Result: SAT, -1, -1, 1708, 1880026316
          -> Take improving step to neighbour alpha=0.99 k=10 prmv=0.1 tstart=1 w=10 (1.0 [based on 5 runs with cutoff 600.0]) with flip 5

          
============= Performing 1 bonus runs of state: alpha=0.99 k=10 prmv=0.1 tstart=1 w=10 (1.0 [based on 5 runs with cutoff 600.0]) ============ 

now 2021-07-28 21:11:37 +0200; start 2021-07-28 15:41:41 +0200; time-start 19796.31304495; maxWall 8640000.0
State wants more detail (5+1) than incumbent (5), doing incumbent first:
alpha=0.99 k=10 prmv=0.1 tstart=1 w=10 (1.0 [based on 5 runs with cutoff 600.0])
alpha=0.999999 k=5 prmv=0.1 tstart=10000 w=5 (1.0 [based on 5 runs with cutoff 600.0])
getAlgoResultsForInstsAndParams.
  Trial 1 for calling: ruby SA_wrapper.rb testcases/synthetic4/tiny1.flex_network_description "" 600.0 2147483647 481516916 -alpha 0.999999 -k 5 -prmv 0.1 -tstart 10000 -w 5 > /tmp/tmp-2021-07-2821:11:37-0.22290408611297607
Executing cmd: ruby SA_wrapper.rb testcases/synthetic4/tiny1.flex_network_description "" 600.0 2147483647 481516916 -alpha 0.999999 -k 5 -prmv 0.1 -tstart 10000 -w 5 > /tmp/tmp-2021-07-2821:11:37-0.22290408611297607
Result: SAT, -1, -1, 1708, 481516916
 Same incumbent, new precision:
New Incumbent: 3.5000000000000018, 1.0 [6, 600.0]. With state alpha=0.999999, k=5, prmv=0.1, tstart=10000, w=5
getAlgoResultsForInstsAndParams.
  Trial 1 for calling: ruby SA_wrapper.rb testcases/synthetic4/tiny1.flex_network_description "" 600.0 2147483647 481516916 -alpha 0.99 -k 10 -prmv 0.1 -tstart 1 -w 10 > /tmp/tmp-2021-07-2821:21:19-0.8860989809036255
Executing cmd: ruby SA_wrapper.rb testcases/synthetic4/tiny1.flex_network_description "" 600.0 2147483647 481516916 -alpha 0.99 -k 10 -prmv 0.1 -tstart 1 -w 10 > /tmp/tmp-2021-07-2821:21:19-0.8860989809036255
Result: SAT, -1, -1, 1708, 481516916
          -> After 1 bonus runs: alpha=0.99 k=10 prmv=0.1 tstart=1 w=10 (1.0 [based on 6 runs with cutoff 600.0])

ParamILS has reached the specified maximum number of 36 function evaluations => stopping the search now.
          
============= Performing 0 bonus runs of state: alpha=0.99 k=10 prmv=0.1 tstart=1 w=10 (1.0 [based on 6 runs with cutoff 600.0]) ============ 

          -> After 0 bonus runs for LM: alpha=0.99 k=10 prmv=0.1 tstart=1 w=10 (1.0 [based on 6 runs with cutoff 600.0])

   LM for iteration 1: alpha=0.99 k=10 prmv=0.1 tstart=1 w=10 (1.0 [based on 6 runs with cutoff 600.0])

========== DETAILED RESULTS (iteration 1): ==========
[["SAT", -1.0, -1, 1708.0, 822569775], ["SAT", -1.0, -1, 1708.0, 2137449171], ["SAT", -1.0, -1, 1708.0, 524453158], ["SAT", -1.0, -1, 1708.0, 1365105717], ["SAT", -1.0, -1, 1708.0, 1880026316], ["SAT", -1.0, -1, 1708.0, 481516916]]
testcases/synthetic4/tiny1.flex_network_description: 1.0		[based on 6 runs]
================================================

==================================================================
Best parameter configuration found so far (end of iteration 1): alpha=0.999999, k=5, prmv=0.1, tstart=10000, w=5
==================================================================
Training quality of this incumbent parameter configuration: 1.0, based on 6 runs with cutoff 600.0
==================================================================

Comparing LM against incumbent:
alpha=0.99 k=10 prmv=0.1 tstart=1 w=10 (1.0 [based on 6 runs with cutoff 600.0])
alpha=0.999999 k=5 prmv=0.1 tstart=10000 w=5 (1.0 [based on 6 runs with cutoff 600.0])
LM better, change incumbent
New Incumbent: 3.600000000000002, 1.0 [6, 600.0]. With state alpha=0.99, k=10, prmv=0.1, tstart=1, w=10
ParamILS has reached the specified maximum number of 36 function evaluations => stopping the search now.
Final solution for depth 1 with limit N=2000, and cutoff time=600.0.
New Incumbent: 3.600000000000002, 1.0 [6, 600.0]. With state alpha=0.99, k=10, prmv=0.1, tstart=1, w=10

==================================================================
ParamILS is finished.
==================================================================

Final best parameter configuration found: alpha=0.99, k=10, prmv=0.1, tstart=1, w=10
==================================================================
Active parameters: alpha=0.99, k=10, prmv=0.1, tstart=1, w=10

==================================================================
Training quality of this final best found parameter configuration: 1.0, based on 6 runs with cutoff 600.0
==================================================================


==================================================================
Computing validation result on independent data -- 10 runs with cutoff time 600.0...
==================================================================
getAlgoResultsForInstsAndParams.
  Trial 1 for calling: ruby SA_wrapper.rb testcases/synthetic4/tiny1.flex_network_description "" 600.0 2147483647 1722738895 -alpha 0.99 -k 10 -prmv 0.1 -tstart 1 -w 10 > /tmp/tmp-2021-07-2821:31:02-0.12686920166015625
Executing cmd: ruby SA_wrapper.rb testcases/synthetic4/tiny1.flex_network_description "" 600.0 2147483647 1722738895 -alpha 0.99 -k 10 -prmv 0.1 -tstart 1 -w 10 > /tmp/tmp-2021-07-2821:31:02-0.12686920166015625
Result: SAT, -1, -1, 1708, 1722738895
  Trial 1 for calling: ruby SA_wrapper.rb testcases/synthetic4/tiny1.flex_network_description "" 600.0 2147483647 1531822380 -alpha 0.99 -k 10 -prmv 0.1 -tstart 1 -w 10 > /tmp/tmp-2021-07-2821:40:44-0.638392448425293
Executing cmd: ruby SA_wrapper.rb testcases/synthetic4/tiny1.flex_network_description "" 600.0 2147483647 1531822380 -alpha 0.99 -k 10 -prmv 0.1 -tstart 1 -w 10 > /tmp/tmp-2021-07-2821:40:44-0.638392448425293
Caught exception when executing target algorithm: Call unsuccessful: ruby SA_wrapper.rb testcases/synthetic4/tiny1.flex_network_description "" 600.0 2147483647 1531822380 -alpha 0.99 -k 10 -prmv 0.1 -tstart 1 -w 10 > /tmp/tmp-2021-07-2821:40:44-0.638392448425293. Counting the target algorithm run as CRASHED with runtime 600.01 and solution quality 1e100.
  Trial 1 for calling: ruby SA_wrapper.rb testcases/synthetic4/tiny1.flex_network_description "" 600.0 2147483647 1849474765 -alpha 0.99 -k 10 -prmv 0.1 -tstart 1 -w 10 > /tmp/tmp-2021-07-2821:41:45-0.6806137561798096
Executing cmd: ruby SA_wrapper.rb testcases/synthetic4/tiny1.flex_network_description "" 600.0 2147483647 1849474765 -alpha 0.99 -k 10 -prmv 0.1 -tstart 1 -w 10 > /tmp/tmp-2021-07-2821:41:45-0.6806137561798096

------------------------------------------------------------
Sender: LSF System <lsfadmin@hpc.dtu.dk>
Subject: Job 10074978: <nikre_tuning_tiny1> in cluster <dcc> Exited

Job <nikre_tuning_tiny1> was submitted from host <hpclogin1> by user <nikre> in cluster <dcc> at Wed Jul 28 15:41:39 2021
Job was executed on host(s) <n-62-21-36>, in queue <compute>, as user <nikre> in cluster <dcc> at Wed Jul 28 15:41:40 2021
</zhome/d7/7/125153> was used as the home directory.
</zhome/d7/7/125153/paramILSConfig/tiny1> was used as the working directory.
Started at Wed Jul 28 15:41:40 2021
Terminated at Wed Jul 28 21:51:57 2021
Results reported at Wed Jul 28 21:51:57 2021

Your job looked like:

------------------------------------------------------------
# LSBATCH: User input
#!/bin/sh
### General options
### -- specify queue --
#BSUB -q compute
### -- set the job Name --
#BSUB -J nikre_tuning_tiny1
### -- ask for number of cores (default: 1) --
#BSUB -n 1
### -- specify that the cores must be on the same host --
#BSUB -R "span[hosts=1]"
### -- specify that we need 2GB of memory per core/slot --
#BSUB -R "rusage[mem=16GB] select[avx2]"
### -- specify that we want the job to get killed if it exceeds 3 GB per core/slot --
#BSUB -M 32GB
### -- set walltime limit: hh:mm --
#BSUB -W 6:00
### -- set the email address --
# please uncomment the following line and put in your e-mail address,
# if you want to receive e-mail notifications on a non-default address
##BSUB -u your_email_address
### -- send notification at start --
###BSUB -B
### -- send notification at completion --
###BSUB -N
### -- Specify the output and error file. %J is the job-id --
### -- -o and -e mean append, -oo and -eo mean overwrite --
#BSUB -oo out_tune%J.out
#BSUB -eo out_tune%J.err

module load python3/3.9.5
bash tune.sh placeholder_argument

------------------------------------------------------------

TERM_RUNLIMIT: job killed after reaching LSF run time limit.
Exited with exit code 140.

Resource usage summary:

    CPU time :                                   22147.00 sec.
    Max Memory :                                 82 MB
    Average Memory :                             80.11 MB
    Total Requested Memory :                     16384.00 MB
    Delta Memory :                               16302.00 MB
    Max Swap :                                   -
    Max Processes :                              9
    Max Threads :                                13
    Run time :                                   22251 sec.
    Turnaround time :                            22218 sec.

The output (if any) is above this job summary.



PS:

Read file <out_tune10074978.err> for stderr output of this job.

